<?xml version="1.0" encoding="UTF-8"?>
<testsuite xmlns:xsi="http://www.w3.org/2001/XMLSchema-instance" xsi:noNamespaceSchemaLocation="https://maven.apache.org/surefire/maven-surefire-plugin/xsd/surefire-test-report-3.0.xsd" version="3.0" name="com.insurance.gateway.ApiGatewayApplicationTests" time="22.069" tests="1" errors="0" skipped="0" failures="0">
  <properties>
[...]
</properties>
  <testcase name="contextLoads" classname="com.insurance.gateway.ApiGatewayApplicationTests" time="2.666">
    <system-out><![CDATA[12:16:11.181 [main] INFO org.springframework.test.context.support.AnnotationConfigContextLoaderUtils -- Could not detect default configuration classes for test class [com.insurance.gateway.ApiGatewayApplicationTests]: ApiGatewayApplicationTests does not declare any static, non-private, non-final, nested classes annotated with @Configuration.
12:16:11.536 [main] INFO org.springframework.boot.test.context.SpringBootTestContextBootstrapper -- Found @SpringBootConfiguration com.insurance.gateway.ApiGatewayApplication for test class com.insurance.gateway.ApiGatewayApplicationTests

  .   ____          _            __ _ _
 /\\ / ___'_ __ _ _(_)_ __  __ _ \ \ \ \
( ( )\___ | '_ | '_| | '_ \/ _` | \ \ \ \
 \\/  ___)| |_)| | | | | || (_| |  ) ) ) )
  '  |____| .__|_| |_|_| |_\__, | / / / /
 =========|_|==============|___/=/_/_/_/
 :: Spring Boot ::                (v3.2.0)

12:16:13.766 &amp#27;[34mINFO &amp#27;[0;39m [&amp#27;[36mGATEWAY&amp#27;[0;39m] [background-preinit] &amp#27;[33mo.h.v.internal.util.Version&amp#27;[0;39m - HV000001: Hibernate Validator 8.0.1.Final
12:16:13.871 &amp#27;[34mINFO &amp#27;[0;39m [&amp#27;[36mGATEWAY&amp#27;[0;39m] [main] &amp#27;[33mc.i.g.ApiGatewayApplicationTests&amp#27;[0;39m - Starting ApiGatewayApplicationTests using Java 17.0.11 with PID 17872 (started by Lenovo in C:\Projects\insurance-claim-system (2)\api-gateway)
12:16:13.873 &amp#27;[39mDEBUG&amp#27;[0;39m [&amp#27;[36mGATEWAY&amp#27;[0;39m] [main] &amp#27;[33mc.i.g.ApiGatewayApplicationTests&amp#27;[0;39m - Running with Spring Boot v3.2.0, Spring v6.1.1
12:16:13.875 &amp#27;[34mINFO &amp#27;[0;39m [&amp#27;[36mGATEWAY&amp#27;[0;39m] [main] &amp#27;[33mc.i.g.ApiGatewayApplicationTests&amp#27;[0;39m - No active profile set, falling back to 1 default profile: "default"
12:16:17.737 &amp#27;[34mINFO &amp#27;[0;39m [&amp#27;[36mGATEWAY&amp#27;[0;39m] [main] &amp#27;[33mo.s.d.r.c.RepositoryConfigurationDelegate&amp#27;[0;39m - Multiple Spring Data modules found, entering strict repository configuration mode
12:16:17.745 &amp#27;[34mINFO &amp#27;[0;39m [&amp#27;[36mGATEWAY&amp#27;[0;39m] [main] &amp#27;[33mo.s.d.r.c.RepositoryConfigurationDelegate&amp#27;[0;39m - Bootstrapping Spring Data Redis repositories in DEFAULT mode.
12:16:17.857 &amp#27;[34mINFO &amp#27;[0;39m [&amp#27;[36mGATEWAY&amp#27;[0;39m] [main] &amp#27;[33mo.s.d.r.c.RepositoryConfigurationDelegate&amp#27;[0;39m - Finished Spring Data repository scanning in 62 ms. Found 0 Redis repository interfaces.
12:16:19.102 &amp#27;[34mINFO &amp#27;[0;39m [&amp#27;[36mGATEWAY&amp#27;[0;39m] [main] &amp#27;[33mo.s.c.c.scope.GenericScope&amp#27;[0;39m - BeanFactory id=335eef9f-d398-3a44-913e-71c94cff514a
12:16:19.481 &amp#27;[31mWARN &amp#27;[0;39m [&amp#27;[36mGATEWAY&amp#27;[0;39m] [main] &amp#27;[33mo.s.c.s.PostProcessorRegistrationDelegate$BeanPostProcessorChecker&amp#27;[0;39m - Bean 'org.springframework.cloud.client.loadbalancer.LoadBalancerAutoConfiguration$LoadBalancerInterceptorConfig' of type [org.springframework.cloud.client.loadbalancer.LoadBalancerAutoConfiguration$LoadBalancerInterceptorConfig] is not eligible for getting processed by all BeanPostProcessors (for example: not eligible for auto-proxying). The currently created BeanPostProcessor [lbRestClientPostProcessor] is declared through a non-static factory method on that class; consider declaring it as static instead.
12:16:19.488 &amp#27;[31mWARN &amp#27;[0;39m [&amp#27;[36mGATEWAY&amp#27;[0;39m] [main] &amp#27;[33mo.s.c.s.PostProcessorRegistrationDelegate$BeanPostProcessorChecker&amp#27;[0;39m - Bean 'org.springframework.cloud.loadbalancer.config.BlockingLoadBalancerClientAutoConfiguration' of type [org.springframework.cloud.loadbalancer.config.BlockingLoadBalancerClientAutoConfiguration] is not eligible for getting processed by all BeanPostProcessors (for example: not eligible for auto-proxying). Is this bean getting eagerly injected into a currently created BeanPostProcessor [lbRestClientPostProcessor]? Check the corresponding BeanPostProcessor declaration and its dependencies.
12:16:19.493 &amp#27;[31mWARN &amp#27;[0;39m [&amp#27;[36mGATEWAY&amp#27;[0;39m] [main] &amp#27;[33mo.s.c.s.PostProcessorRegistrationDelegate$BeanPostProcessorChecker&amp#27;[0;39m - Bean 'org.springframework.cloud.loadbalancer.config.LoadBalancerAutoConfiguration' of type [org.springframework.cloud.loadbalancer.config.LoadBalancerAutoConfiguration] is not eligible for getting processed by all BeanPostProcessors (for example: not eligible for auto-proxying). Is this bean getting eagerly injected into a currently created BeanPostProcessor [lbRestClientPostProcessor]? Check the corresponding BeanPostProcessor declaration and its dependencies.
12:16:19.510 &amp#27;[31mWARN &amp#27;[0;39m [&amp#27;[36mGATEWAY&amp#27;[0;39m] [main] &amp#27;[33mo.s.c.s.PostProcessorRegistrationDelegate$BeanPostProcessorChecker&amp#27;[0;39m - Bean 'org.springframework.cloud.commons.config.CommonsConfigAutoConfiguration' of type [org.springframework.cloud.commons.config.CommonsConfigAutoConfiguration] is not eligible for getting processed by all BeanPostProcessors (for example: not eligible for auto-proxying). Is this bean getting eagerly injected into a currently created BeanPostProcessor [lbRestClientPostProcessor]? Check the corresponding BeanPostProcessor declaration and its dependencies.
12:16:19.514 &amp#27;[31mWARN &amp#27;[0;39m [&amp#27;[36mGATEWAY&amp#27;[0;39m] [main] &amp#27;[33mo.s.c.s.PostProcessorRegistrationDelegate$BeanPostProcessorChecker&amp#27;[0;39m - Bean 'org.springframework.cloud.client.loadbalancer.LoadBalancerDefaultMappingsProviderAutoConfiguration' of type [org.springframework.cloud.client.loadbalancer.LoadBalancerDefaultMappingsProviderAutoConfiguration] is not eligible for getting processed by all BeanPostProcessors (for example: not eligible for auto-proxying). Is this bean getting eagerly injected into a currently created BeanPostProcessor [lbRestClientPostProcessor]? Check the corresponding BeanPostProcessor declaration and its dependencies.
12:16:19.516 &amp#27;[31mWARN &amp#27;[0;39m [&amp#27;[36mGATEWAY&amp#27;[0;39m] [main] &amp#27;[33mo.s.c.s.PostProcessorRegistrationDelegate$BeanPostProcessorChecker&amp#27;[0;39m - Bean 'loadBalancerClientsDefaultsMappingsProvider' of type [org.springframework.cloud.client.loadbalancer.LoadBalancerDefaultMappingsProviderAutoConfiguration$$Lambda$963/0x00000008005c0a28] is not eligible for getting processed by all BeanPostProcessors (for example: not eligible for auto-proxying). Is this bean getting eagerly injected into a currently created BeanPostProcessor [lbRestClientPostProcessor]? Check the corresponding BeanPostProcessor declaration and its dependencies.
12:16:19.519 &amp#27;[31mWARN &amp#27;[0;39m [&amp#27;[36mGATEWAY&amp#27;[0;39m] [main] &amp#27;[33mo.s.c.s.PostProcessorRegistrationDelegate$BeanPostProcessorChecker&amp#27;[0;39m - Bean 'defaultsBindHandlerAdvisor' of type [org.springframework.cloud.commons.config.DefaultsBindHandlerAdvisor] is not eligible for getting processed by all BeanPostProcessors (for example: not eligible for auto-proxying). Is this bean getting eagerly injected into a currently created BeanPostProcessor [lbRestClientPostProcessor]? Check the corresponding BeanPostProcessor declaration and its dependencies.
12:16:19.541 &amp#27;[31mWARN &amp#27;[0;39m [&amp#27;[36mGATEWAY&amp#27;[0;39m] [main] &amp#27;[33mo.s.c.s.PostProcessorRegistrationDelegate$BeanPostProcessorChecker&amp#27;[0;39m - Bean 'spring.cloud.loadbalancer-org.springframework.cloud.client.loadbalancer.LoadBalancerClientsProperties' of type [org.springframework.cloud.client.loadbalancer.LoadBalancerClientsProperties] is not eligible for getting processed by all BeanPostProcessors (for example: not eligible for auto-proxying). Is this bean getting eagerly injected into a currently created BeanPostProcessor [lbRestClientPostProcessor]? Check the corresponding BeanPostProcessor declaration and its dependencies.
12:16:19.600 &amp#27;[31mWARN &amp#27;[0;39m [&amp#27;[36mGATEWAY&amp#27;[0;39m] [main] &amp#27;[33mo.s.c.s.PostProcessorRegistrationDelegate$BeanPostProcessorChecker&amp#27;[0;39m - Bean 'default.org.springframework.cloud.loadbalancer.config.LoadBalancerAutoConfiguration.LoadBalancerClientSpecification' of type [org.springframework.cloud.loadbalancer.annotation.LoadBalancerClientSpecification] is not eligible for getting processed by all BeanPostProcessors (for example: not eligible for auto-proxying). Is this bean getting eagerly injected into a currently created BeanPostProcessor [lbRestClientPostProcessor]? Check the corresponding BeanPostProcessor declaration and its dependencies.
12:16:19.603 &amp#27;[31mWARN &amp#27;[0;39m [&amp#27;[36mGATEWAY&amp#27;[0;39m] [main] &amp#27;[33mo.s.c.s.PostProcessorRegistrationDelegate$BeanPostProcessorChecker&amp#27;[0;39m - Bean 'default.org.springframework.cloud.loadbalancer.config.BlockingLoadBalancerClientAutoConfiguration.LoadBalancerClientSpecification' of type [org.springframework.cloud.loadbalancer.annotation.LoadBalancerClientSpecification] is not eligible for getting processed by all BeanPostProcessors (for example: not eligible for auto-proxying). Is this bean getting eagerly injected into a currently created BeanPostProcessor [lbRestClientPostProcessor]? Check the corresponding BeanPostProcessor declaration and its dependencies.
12:16:19.608 &amp#27;[31mWARN &amp#27;[0;39m [&amp#27;[36mGATEWAY&amp#27;[0;39m] [main] &amp#27;[33mo.s.c.s.PostProcessorRegistrationDelegate$BeanPostProcessorChecker&amp#27;[0;39m - Bean 'default.org.springframework.cloud.netflix.eureka.loadbalancer.LoadBalancerEurekaAutoConfiguration.LoadBalancerClientSpecification' of type [org.springframework.cloud.loadbalancer.annotation.LoadBalancerClientSpecification] is not eligible for getting processed by all BeanPostProcessors (for example: not eligible for auto-proxying). Is this bean getting eagerly injected into a currently created BeanPostProcessor [lbRestClientPostProcessor]? Check the corresponding BeanPostProcessor declaration and its dependencies.
12:16:19.614 &amp#27;[31mWARN &amp#27;[0;39m [&amp#27;[36mGATEWAY&amp#27;[0;39m] [main] &amp#27;[33mo.s.c.s.PostProcessorRegistrationDelegate$BeanPostProcessorChecker&amp#27;[0;39m - Bean 'loadBalancerClientFactory' of type [org.springframework.cloud.loadbalancer.support.LoadBalancerClientFactory] is not eligible for getting processed by all BeanPostProcessors (for example: not eligible for auto-proxying). Is this bean getting eagerly injected into a currently created BeanPostProcessor [lbRestClientPostProcessor]? Check the corresponding BeanPostProcessor declaration and its dependencies.
12:16:19.628 &amp#27;[31mWARN &amp#27;[0;39m [&amp#27;[36mGATEWAY&amp#27;[0;39m] [main] &amp#27;[33mo.s.c.s.PostProcessorRegistrationDelegate$BeanPostProcessorChecker&amp#27;[0;39m - Bean 'blockingLoadBalancerClient' of type [org.springframework.cloud.loadbalancer.blocking.client.BlockingLoadBalancerClient] is not eligible for getting processed by all BeanPostProcessors (for example: not eligible for auto-proxying). Is this bean getting eagerly injected into a currently created BeanPostProcessor [lbRestClientPostProcessor]? Check the corresponding BeanPostProcessor declaration and its dependencies.
12:16:19.667 &amp#27;[31mWARN &amp#27;[0;39m [&amp#27;[36mGATEWAY&amp#27;[0;39m] [main] &amp#27;[33mo.s.c.s.PostProcessorRegistrationDelegate$BeanPostProcessorChecker&amp#27;[0;39m - Bean 'loadBalancerServiceInstanceCookieTransformer' of type [org.springframework.cloud.loadbalancer.core.LoadBalancerServiceInstanceCookieTransformer] is not eligible for getting processed by all BeanPostProcessors (for example: not eligible for auto-proxying). Is this bean getting eagerly injected into a currently created BeanPostProcessor [lbRestClientPostProcessor]? Check the corresponding BeanPostProcessor declaration and its dependencies.
12:16:19.675 &amp#27;[31mWARN &amp#27;[0;39m [&amp#27;[36mGATEWAY&amp#27;[0;39m] [main] &amp#27;[33mo.s.c.s.PostProcessorRegistrationDelegate$BeanPostProcessorChecker&amp#27;[0;39m - Bean 'xForwarderHeadersTransformer' of type [org.springframework.cloud.loadbalancer.blocking.XForwardedHeadersTransformer] is not eligible for getting processed by all BeanPostProcessors (for example: not eligible for auto-proxying). Is this bean getting eagerly injected into a currently created BeanPostProcessor [lbRestClientPostProcessor]? Check the corresponding BeanPostProcessor declaration and its dependencies.
12:16:19.679 &amp#27;[31mWARN &amp#27;[0;39m [&amp#27;[36mGATEWAY&amp#27;[0;39m] [main] &amp#27;[33mo.s.c.s.PostProcessorRegistrationDelegate$BeanPostProcessorChecker&amp#27;[0;39m - Bean 'org.springframework.cloud.client.loadbalancer.LoadBalancerAutoConfiguration' of type [org.springframework.cloud.client.loadbalancer.LoadBalancerAutoConfiguration] is not eligible for getting processed by all BeanPostProcessors (for example: not eligible for auto-proxying). Is this bean getting eagerly injected into a currently created BeanPostProcessor [lbRestClientPostProcessor]? Check the corresponding BeanPostProcessor declaration and its dependencies.
12:16:19.690 &amp#27;[31mWARN &amp#27;[0;39m [&amp#27;[36mGATEWAY&amp#27;[0;39m] [main] &amp#27;[33mo.s.c.s.PostProcessorRegistrationDelegate$BeanPostProcessorChecker&amp#27;[0;39m - Bean 'loadBalancerRequestFactory' of type [org.springframework.cloud.client.loadbalancer.LoadBalancerRequestFactory] is not eligible for getting processed by all BeanPostProcessors (for example: not eligible for auto-proxying). Is this bean getting eagerly injected into a currently created BeanPostProcessor [lbRestClientPostProcessor]? Check the corresponding BeanPostProcessor declaration and its dependencies.
12:16:19.709 &amp#27;[31mWARN &amp#27;[0;39m [&amp#27;[36mGATEWAY&amp#27;[0;39m] [main] &amp#27;[33mo.s.c.s.PostProcessorRegistrationDelegate$BeanPostProcessorChecker&amp#27;[0;39m - Bean 'loadBalancerInterceptor' of type [org.springframework.cloud.client.loadbalancer.LoadBalancerInterceptor] is not eligible for getting processed by all BeanPostProcessors (for example: not eligible for auto-proxying). Is this bean getting eagerly injected into a currently created BeanPostProcessor [lbRestClientPostProcessor]? Check the corresponding BeanPostProcessor declaration and its dependencies.
12:16:19.716 &amp#27;[31mWARN &amp#27;[0;39m [&amp#27;[36mGATEWAY&amp#27;[0;39m] [main] &amp#27;[33mo.s.c.s.PostProcessorRegistrationDelegate$BeanPostProcessorChecker&amp#27;[0;39m - Bean 'org.springframework.cloud.client.loadbalancer.reactive.LoadBalancerBeanPostProcessorAutoConfiguration' of type [org.springframework.cloud.client.loadbalancer.reactive.LoadBalancerBeanPostProcessorAutoConfiguration] is not eligible for getting processed by all BeanPostProcessors (for example: not eligible for auto-proxying). The currently created BeanPostProcessor [loadBalancerWebClientBuilderBeanPostProcessor] is declared through a non-static factory method on that class; consider declaring it as static instead.
12:16:19.722 &amp#27;[31mWARN &amp#27;[0;39m [&amp#27;[36mGATEWAY&amp#27;[0;39m] [main] &amp#27;[33mo.s.c.s.PostProcessorRegistrationDelegate$BeanPostProcessorChecker&amp#27;[0;39m - Bean 'org.springframework.cloud.client.loadbalancer.reactive.LoadBalancerBeanPostProcessorAutoConfiguration$ReactorDeferringLoadBalancerFilterConfig' of type [org.springframework.cloud.client.loadbalancer.reactive.LoadBalancerBeanPostProcessorAutoConfiguration$ReactorDeferringLoadBalancerFilterConfig] is not eligible for getting processed by all BeanPostProcessors (for example: not eligible for auto-proxying). Is this bean getting eagerly injected into a currently created BeanPostProcessor [loadBalancerWebClientBuilderBeanPostProcessor]? Check the corresponding BeanPostProcessor declaration and its dependencies.
12:16:19.728 &amp#27;[31mWARN &amp#27;[0;39m [&amp#27;[36mGATEWAY&amp#27;[0;39m] [main] &amp#27;[33mo.s.c.s.PostProcessorRegistrationDelegate$BeanPostProcessorChecker&amp#27;[0;39m - Bean 'reactorDeferringLoadBalancerExchangeFilterFunction' of type [org.springframework.cloud.client.loadbalancer.reactive.DeferringLoadBalancerExchangeFilterFunction] is not eligible for getting processed by all BeanPostProcessors (for example: not eligible for auto-proxying). Is this bean getting eagerly injected into a currently created BeanPostProcessor [loadBalancerWebClientBuilderBeanPostProcessor]? Check the corresponding BeanPostProcessor declaration and its dependencies.
12:16:20.311 &amp#27;[34mINFO &amp#27;[0;39m [&amp#27;[36mGATEWAY&amp#27;[0;39m] [main] &amp#27;[33mo.s.b.a.s.r.ReactiveUserDetailsServiceAutoConfiguration&amp#27;[0;39m - 

Using generated security password: 1544db7f-e326-44d5-8cc1-678db6bd70bb

12:16:24.100 &amp#27;[39mDEBUG&amp#27;[0;39m [&amp#27;[36mGATEWAY&amp#27;[0;39m] [main] &amp#27;[33mo.s.c.g.c.GatewayProperties&amp#27;[0;39m - Routes supplied from Gateway Properties: [RouteDefinition{id='auth-service', predicates=[PredicateDefinition{name='Path', args={_genkey_0=/api/auth/**}}], filters=[FilterDefinition{name='StripPrefix', args={_genkey_0=1}}], uri=lb://AUTH-SERVICE, order=0, metadata={}}, RouteDefinition{id='user-service', predicates=[PredicateDefinition{name='Path', args={_genkey_0=/api/users/**}}], filters=[FilterDefinition{name='StripPrefix', args={_genkey_0=1}}, FilterDefinition{name='CircuitBreaker', args={name=user-service-cb, fallbackUri=forward:/fallback/user-service}}], uri=lb://USER-SERVICE, order=0, metadata={}}, RouteDefinition{id='claim-service', predicates=[PredicateDefinition{name='Path', args={_genkey_0=/api/claims/**}}], filters=[FilterDefinition{name='StripPrefix', args={_genkey_0=1}}, FilterDefinition{name='CircuitBreaker', args={name=claim-service-cb, fallbackUri=forward:/fallback/claim-service}}], uri=lb://CLAIM-SERVICE, order=0, metadata={}}, RouteDefinition{id='policy-service', predicates=[PredicateDefinition{name='Path', args={_genkey_0=/api/policies/**}}], filters=[FilterDefinition{name='StripPrefix', args={_genkey_0=1}}, FilterDefinition{name='CircuitBreaker', args={name=policy-service-cb, fallbackUri=forward:/fallback/policy-service}}], uri=lb://POLICY-SERVICE, order=0, metadata={}}, RouteDefinition{id='notification-service', predicates=[PredicateDefinition{name='Path', args={_genkey_0=/api/notifications/**}}], filters=[FilterDefinition{name='StripPrefix', args={_genkey_0=1}}], uri=lb://NOTIFICATION-SERVICE, order=0, metadata={}}]
12:16:24.772 &amp#27;[34mINFO &amp#27;[0;39m [&amp#27;[36mGATEWAY&amp#27;[0;39m] [main] &amp#27;[33mo.s.c.g.r.RouteDefinitionRouteLocator&amp#27;[0;39m - Loaded RoutePredicateFactory [After]
12:16:24.773 &amp#27;[34mINFO &amp#27;[0;39m [&amp#27;[36mGATEWAY&amp#27;[0;39m] [main] &amp#27;[33mo.s.c.g.r.RouteDefinitionRouteLocator&amp#27;[0;39m - Loaded RoutePredicateFactory [Before]
12:16:24.774 &amp#27;[34mINFO &amp#27;[0;39m [&amp#27;[36mGATEWAY&amp#27;[0;39m] [main] &amp#27;[33mo.s.c.g.r.RouteDefinitionRouteLocator&amp#27;[0;39m - Loaded RoutePredicateFactory [Between]
12:16:24.774 &amp#27;[34mINFO &amp#27;[0;39m [&amp#27;[36mGATEWAY&amp#27;[0;39m] [main] &amp#27;[33mo.s.c.g.r.RouteDefinitionRouteLocator&amp#27;[0;39m - Loaded RoutePredicateFactory [Cookie]
12:16:24.775 &amp#27;[34mINFO &amp#27;[0;39m [&amp#27;[36mGATEWAY&amp#27;[0;39m] [main] &amp#27;[33mo.s.c.g.r.RouteDefinitionRouteLocator&amp#27;[0;39m - Loaded RoutePredicateFactory [Header]
12:16:24.775 &amp#27;[34mINFO &amp#27;[0;39m [&amp#27;[36mGATEWAY&amp#27;[0;39m] [main] &amp#27;[33mo.s.c.g.r.RouteDefinitionRouteLocator&amp#27;[0;39m - Loaded RoutePredicateFactory [Host]
12:16:24.776 &amp#27;[34mINFO &amp#27;[0;39m [&amp#27;[36mGATEWAY&amp#27;[0;39m] [main] &amp#27;[33mo.s.c.g.r.RouteDefinitionRouteLocator&amp#27;[0;39m - Loaded RoutePredicateFactory [Method]
12:16:24.778 &amp#27;[34mINFO &amp#27;[0;39m [&amp#27;[36mGATEWAY&amp#27;[0;39m] [main] &amp#27;[33mo.s.c.g.r.RouteDefinitionRouteLocator&amp#27;[0;39m - Loaded RoutePredicateFactory [Path]
12:16:24.779 &amp#27;[34mINFO &amp#27;[0;39m [&amp#27;[36mGATEWAY&amp#27;[0;39m] [main] &amp#27;[33mo.s.c.g.r.RouteDefinitionRouteLocator&amp#27;[0;39m - Loaded RoutePredicateFactory [Query]
12:16:24.780 &amp#27;[34mINFO &amp#27;[0;39m [&amp#27;[36mGATEWAY&amp#27;[0;39m] [main] &amp#27;[33mo.s.c.g.r.RouteDefinitionRouteLocator&amp#27;[0;39m - Loaded RoutePredicateFactory [ReadBody]
12:16:24.784 &amp#27;[34mINFO &amp#27;[0;39m [&amp#27;[36mGATEWAY&amp#27;[0;39m] [main] &amp#27;[33mo.s.c.g.r.RouteDefinitionRouteLocator&amp#27;[0;39m - Loaded RoutePredicateFactory [RemoteAddr]
12:16:24.785 &amp#27;[34mINFO &amp#27;[0;39m [&amp#27;[36mGATEWAY&amp#27;[0;39m] [main] &amp#27;[33mo.s.c.g.r.RouteDefinitionRouteLocator&amp#27;[0;39m - Loaded RoutePredicateFactory [XForwardedRemoteAddr]
12:16:24.785 &amp#27;[34mINFO &amp#27;[0;39m [&amp#27;[36mGATEWAY&amp#27;[0;39m] [main] &amp#27;[33mo.s.c.g.r.RouteDefinitionRouteLocator&amp#27;[0;39m - Loaded RoutePredicateFactory [Weight]
12:16:24.786 &amp#27;[34mINFO &amp#27;[0;39m [&amp#27;[36mGATEWAY&amp#27;[0;39m] [main] &amp#27;[33mo.s.c.g.r.RouteDefinitionRouteLocator&amp#27;[0;39m - Loaded RoutePredicateFactory [CloudFoundryRouteService]
12:16:26.180 &amp#27;[34mINFO &amp#27;[0;39m [&amp#27;[36mGATEWAY&amp#27;[0;39m] [main] &amp#27;[33mo.s.b.a.e.w.EndpointLinksResolver&amp#27;[0;39m - Exposing 4 endpoint(s) beneath base path '/actuator'
12:16:27.293 &amp#27;[34mINFO &amp#27;[0;39m [&amp#27;[36mGATEWAY&amp#27;[0;39m] [main] &amp#27;[33mo.s.c.n.e.c.DiscoveryClientOptionalArgsConfiguration&amp#27;[0;39m - Eureka HTTP Client uses RestTemplate.
12:16:27.367 &amp#27;[31mWARN &amp#27;[0;39m [&amp#27;[36mGATEWAY&amp#27;[0;39m] [main] &amp#27;[33mo.s.c.l.c.LoadBalancerCacheAutoConfiguration$LoadBalancerCaffeineWarnLogger&amp#27;[0;39m - Spring Cloud LoadBalancer is currently working with the default cache. While this cache implementation is useful for development and tests, it's recommended to use Caffeine cache in production.You can switch to using Caffeine cache, by adding it and org.springframework.cache.caffeine.CaffeineCacheManager to the classpath.
12:16:27.520 &amp#27;[34mINFO &amp#27;[0;39m [&amp#27;[36mGATEWAY&amp#27;[0;39m] [main] &amp#27;[33mo.s.c.n.e.InstanceInfoFactory&amp#27;[0;39m - Setting initial instance status as: STARTING
12:16:27.837 &amp#27;[34mINFO &amp#27;[0;39m [&amp#27;[36mGATEWAY&amp#27;[0;39m] [main] &amp#27;[33mc.n.discovery.DiscoveryClient&amp#27;[0;39m - Initializing Eureka in region us-east-1
12:16:27.856 &amp#27;[34mINFO &amp#27;[0;39m [&amp#27;[36mGATEWAY&amp#27;[0;39m] [main] &amp#27;[33mc.n.d.s.r.a.ConfigClusterResolver&amp#27;[0;39m - Resolving eureka endpoints via configuration
12:16:27.977 &amp#27;[34mINFO &amp#27;[0;39m [&amp#27;[36mGATEWAY&amp#27;[0;39m] [main] &amp#27;[33mc.n.discovery.DiscoveryClient&amp#27;[0;39m - Disable delta property : false
12:16:27.978 &amp#27;[34mINFO &amp#27;[0;39m [&amp#27;[36mGATEWAY&amp#27;[0;39m] [main] &amp#27;[33mc.n.discovery.DiscoveryClient&amp#27;[0;39m - Single vip registry refresh property : null
12:16:27.979 &amp#27;[34mINFO &amp#27;[0;39m [&amp#27;[36mGATEWAY&amp#27;[0;39m] [main] &amp#27;[33mc.n.discovery.DiscoveryClient&amp#27;[0;39m - Force full registry fetch : false
12:16:27.980 &amp#27;[34mINFO &amp#27;[0;39m [&amp#27;[36mGATEWAY&amp#27;[0;39m] [main] &amp#27;[33mc.n.discovery.DiscoveryClient&amp#27;[0;39m - Application is null : false
12:16:27.981 &amp#27;[34mINFO &amp#27;[0;39m [&amp#27;[36mGATEWAY&amp#27;[0;39m] [main] &amp#27;[33mc.n.discovery.DiscoveryClient&amp#27;[0;39m - Registered Applications size is zero : true
12:16:27.982 &amp#27;[34mINFO &amp#27;[0;39m [&amp#27;[36mGATEWAY&amp#27;[0;39m] [main] &amp#27;[33mc.n.discovery.DiscoveryClient&amp#27;[0;39m - Application version is -1: true
12:16:27.983 &amp#27;[34mINFO &amp#27;[0;39m [&amp#27;[36mGATEWAY&amp#27;[0;39m] [main] &amp#27;[33mc.n.discovery.DiscoveryClient&amp#27;[0;39m - Getting all instance registry info from the eureka server
12:16:29.257 &amp#27;[34mINFO &amp#27;[0;39m [&amp#27;[36mGATEWAY&amp#27;[0;39m] [main] &amp#27;[33mc.n.d.s.t.d.RedirectingEurekaHttpClient&amp#27;[0;39m - Request execution error. endpoint=DefaultEndpoint{ serviceUrl='http://eureka-admin:eureka-secret@localhost:8761/eureka/}, exception=I/O error on GET request for "http://localhost:8761/eureka/apps/": Connect to http://localhost:8761 [localhost/127.0.0.1, localhost/0:0:0:0:0:0:0:1] failed: Connection refused: getsockopt stacktrace=org.springframework.web.client.ResourceAccessException: I/O error on GET request for "http://localhost:8761/eureka/apps/": Connect to http://localhost:8761 [localhost/127.0.0.1, localhost/0:0:0:0:0:0:0:1] failed: Connection refused: getsockopt
	at org.springframework.web.client.RestTemplate.createResourceAccessException(RestTemplate.java:905)
	at org.springframework.web.client.RestTemplate.doExecute(RestTemplate.java:885)
	at org.springframework.web.client.RestTemplate.execute(RestTemplate.java:781)
	at org.springframework.web.client.RestTemplate.exchange(RestTemplate.java:663)
	at org.springframework.cloud.netflix.eureka.http.RestTemplateEurekaHttpClient.getApplicationsInternal(RestTemplateEurekaHttpClient.java:145)
	at org.springframework.cloud.netflix.eureka.http.RestTemplateEurekaHttpClient.getApplications(RestTemplateEurekaHttpClient.java:135)
	at com.netflix.discovery.shared.transport.decorator.EurekaHttpClientDecorator$6.execute(EurekaHttpClientDecorator.java:137)
	at com.netflix.discovery.shared.transport.decorator.RedirectingEurekaHttpClient.executeOnNewServer(RedirectingEurekaHttpClient.java:121)
	at com.netflix.discovery.shared.transport.decorator.RedirectingEurekaHttpClient.execute(RedirectingEurekaHttpClient.java:80)
	at com.netflix.discovery.shared.transport.decorator.EurekaHttpClientDecorator.getApplications(EurekaHttpClientDecorator.java:134)
	at com.netflix.discovery.shared.transport.decorator.EurekaHttpClientDecorator$6.execute(EurekaHttpClientDecorator.java:137)
	at com.netflix.discovery.shared.transport.decorator.RetryableEurekaHttpClient.execute(RetryableEurekaHttpClient.java:120)
	at com.netflix.discovery.shared.transport.decorator.EurekaHttpClientDecorator.getApplications(EurekaHttpClientDecorator.java:134)
	at com.netflix.discovery.shared.transport.decorator.EurekaHttpClientDecorator$6.execute(EurekaHttpClientDecorator.java:137)
	at com.netflix.discovery.shared.transport.decorator.SessionedEurekaHttpClient.execute(SessionedEurekaHttpClient.java:77)
	at com.netflix.discovery.shared.transport.decorator.EurekaHttpClientDecorator.getApplications(EurekaHttpClientDecorator.java:134)
	at com.netflix.discovery.DiscoveryClient.getAndStoreFullRegistry(DiscoveryClient.java:1045)
	at com.netflix.discovery.DiscoveryClient.fetchRegistry(DiscoveryClient.java:958)
	at com.netflix.discovery.DiscoveryClient.<init>(DiscoveryClient.java:396)
	at com.netflix.discovery.DiscoveryClient.<init>(DiscoveryClient.java:247)
	at com.netflix.discovery.DiscoveryClient.<init>(DiscoveryClient.java:242)
	at org.springframework.cloud.netflix.eureka.CloudEurekaClient.<init>(CloudEurekaClient.java:68)
	at org.springframework.cloud.netflix.eureka.EurekaClientAutoConfiguration$RefreshableEurekaClientConfiguration.eurekaClient(EurekaClientAutoConfiguration.java:320)
	at java.base/jdk.internal.reflect.NativeMethodAccessorImpl.invoke0(Native Method)
	at java.base/jdk.internal.reflect.NativeMethodAccessorImpl.invoke(NativeMethodAccessorImpl.java:77)
	at java.base/jdk.internal.reflect.DelegatingMethodAccessorImpl.invoke(DelegatingMethodAccessorImpl.java:43)
	at java.base/java.lang.reflect.Method.invoke(Method.java:568)
	at org.springframework.beans.factory.support.SimpleInstantiationStrategy.instantiate(SimpleInstantiationStrategy.java:140)
	at org.springframework.beans.factory.support.ConstructorResolver.instantiate(ConstructorResolver.java:651)
	at org.springframework.beans.factory.support.ConstructorResolver.instantiateUsingFactoryMethod(ConstructorResolver.java:643)
	at org.springframework.beans.factory.support.AbstractAutowireCapableBeanFactory.instantiateUsingFactoryMethod(AbstractAutowireCapableBeanFactory.java:1336)
	at org.springframework.beans.factory.support.AbstractAutowireCapableBeanFactory.createBeanInstance(AbstractAutowireCapableBeanFactory.java:1166)
	at org.springframework.beans.factory.support.AbstractAutowireCapableBeanFactory.doCreateBean(AbstractAutowireCapableBeanFactory.java:563)
	at org.springframework.beans.factory.support.AbstractAutowireCapableBeanFactory.createBean(AbstractAutowireCapableBeanFactory.java:523)
	at org.springframework.beans.factory.support.AbstractBeanFactory.lambda$doGetBean$1(AbstractBeanFactory.java:364)
	at org.springframework.cloud.context.scope.GenericScope$BeanLifecycleWrapper.getBean(GenericScope.java:375)
	at org.springframework.cloud.context.scope.GenericScope.get(GenericScope.java:179)
	at org.springframework.beans.factory.support.AbstractBeanFactory.doGetBean(AbstractBeanFactory.java:361)
	at org.springframework.beans.factory.support.AbstractBeanFactory.getBean(AbstractBeanFactory.java:199)
	at org.springframework.aop.target.SimpleBeanTargetSource.getTarget(SimpleBeanTargetSource.java:35)
	at org.springframework.cloud.netflix.eureka.serviceregistry.EurekaRegistration.getTargetObject(EurekaRegistration.java:128)
	at org.springframework.cloud.netflix.eureka.serviceregistry.EurekaRegistration.getEurekaClient(EurekaRegistration.java:116)
	at java.base/jdk.internal.reflect.NativeMethodAccessorImpl.invoke0(Native Method)
	at java.base/jdk.internal.reflect.NativeMethodAccessorImpl.invoke(NativeMethodAccessorImpl.java:77)
	at java.base/jdk.internal.reflect.DelegatingMethodAccessorImpl.invoke(DelegatingMethodAccessorImpl.java:43)
	at java.base/java.lang.reflect.Method.invoke(Method.java:568)
	at org.springframework.util.ReflectionUtils.invokeMethod(ReflectionUtils.java:281)
	at org.springframework.cloud.context.scope.GenericScope$LockedScopedProxyFactoryBean.invoke(GenericScope.java:482)
	at org.springframework.aop.framework.ReflectiveMethodInvocation.proceed(ReflectiveMethodInvocation.java:184)
	at org.springframework.aop.framework.CglibAopProxy$CglibMethodInvocation.proceed(CglibAopProxy.java:765)
	at org.springframework.aop.framework.CglibAopProxy$DynamicAdvisedInterceptor.intercept(CglibAopProxy.java:717)
	at org.springframework.cloud.netflix.eureka.serviceregistry.EurekaRegistration$$SpringCGLIB$$0.getEurekaClient(<generated>)
	at org.springframework.cloud.netflix.eureka.serviceregistry.EurekaServiceRegistry.maybeInitializeClient(EurekaServiceRegistry.java:54)
	at org.springframework.cloud.netflix.eureka.serviceregistry.EurekaServiceRegistry.register(EurekaServiceRegistry.java:38)
	at org.springframework.cloud.netflix.eureka.serviceregistry.EurekaAutoServiceRegistration.start(EurekaAutoServiceRegistration.java:83)
	at org.springframework.context.support.DefaultLifecycleProcessor.doStart(DefaultLifecycleProcessor.java:284)
	at org.springframework.context.support.DefaultLifecycleProcessor$LifecycleGroup.start(DefaultLifecycleProcessor.java:467)
	at java.base/java.lang.Iterable.forEach(Iterable.java:75)
	at org.springframework.context.support.DefaultLifecycleProcessor.startBeans(DefaultLifecycleProcessor.java:256)
	at org.springframework.context.support.DefaultLifecycleProcessor.onRefresh(DefaultLifecycleProcessor.java:201)
	at org.springframework.context.support.AbstractApplicationContext.finishRefresh(AbstractApplicationContext.java:965)
	at org.springframework.context.support.AbstractApplicationContext.refresh(AbstractApplicationContext.java:619)
	at org.springframework.boot.SpringApplication.refresh(SpringApplication.java:753)
	at org.springframework.boot.SpringApplication.refreshContext(SpringApplication.java:455)
	at org.springframework.boot.SpringApplication.run(SpringApplication.java:323)
	at org.springframework.boot.test.context.SpringBootContextLoader.lambda$loadContext$3(SpringBootContextLoader.java:137)
	at org.springframework.util.function.ThrowingSupplier.get(ThrowingSupplier.java:58)
	at org.springframework.util.function.ThrowingSupplier.get(ThrowingSupplier.java:46)
	at org.springframework.boot.SpringApplication.withHook(SpringApplication.java:1442)
	at org.springframework.boot.test.context.SpringBootContextLoader$ContextLoaderHook.run(SpringBootContextLoader.java:552)
	at org.springframework.boot.test.context.SpringBootContextLoader.loadContext(SpringBootContextLoader.java:137)
	at org.springframework.boot.test.context.SpringBootContextLoader.loadContext(SpringBootContextLoader.java:108)
	at org.springframework.test.context.cache.DefaultCacheAwareContextLoaderDelegate.loadContextInternal(DefaultCacheAwareContextLoaderDelegate.java:225)
	at org.springframework.test.context.cache.DefaultCacheAwareContextLoaderDelegate.loadContext(DefaultCacheAwareContextLoaderDelegate.java:152)
	at org.springframework.test.context.support.DefaultTestContext.getApplicationContext(DefaultTestContext.java:130)
	at org.springframework.test.context.support.DependencyInjectionTestExecutionListener.injectDependencies(DependencyInjectionTestExecutionListener.java:141)
	at org.springframework.test.context.support.DependencyInjectionTestExecutionListener.prepareTestInstance(DependencyInjectionTestExecutionListener.java:97)
	at org.springframework.test.context.TestContextManager.prepareTestInstance(TestContextManager.java:247)
	at org.springframework.test.context.junit.jupiter.SpringExtension.postProcessTestInstance(SpringExtension.java:163)
	at org.junit.jupiter.engine.descriptor.ClassBasedTestDescriptor.lambda$invokeTestInstancePostProcessors$10(ClassBasedTestDescriptor.java:378)
	at org.junit.jupiter.engine.descriptor.ClassBasedTestDescriptor.executeAndMaskThrowable(ClassBasedTestDescriptor.java:383)
	at org.junit.jupiter.engine.descriptor.ClassBasedTestDescriptor.lambda$invokeTestInstancePostProcessors$11(ClassBasedTestDescriptor.java:378)
	at java.base/java.util.stream.ReferencePipeline$3$1.accept(ReferencePipeline.java:197)
	at java.base/java.util.stream.ReferencePipeline$2$1.accept(ReferencePipeline.java:179)
	at java.base/java.util.ArrayList$ArrayListSpliterator.forEachRemaining(ArrayList.java:1625)
	at java.base/java.util.stream.AbstractPipeline.copyInto(AbstractPipeline.java:509)
	at java.base/java.util.stream.AbstractPipeline.wrapAndCopyInto(AbstractPipeline.java:499)
	at java.base/java.util.stream.StreamSpliterators$WrappingSpliterator.forEachRemaining(StreamSpliterators.java:310)
	at java.base/java.util.stream.Streams$ConcatSpliterator.forEachRemaining(Streams.java:735)
	at java.base/java.util.stream.Streams$ConcatSpliterator.forEachRemaining(Streams.java:734)
	at java.base/java.util.stream.ReferencePipeline$Head.forEach(ReferencePipeline.java:762)
	at org.junit.jupiter.engine.descriptor.ClassBasedTestDescriptor.invokeTestInstancePostProcessors(ClassBasedTestDescriptor.java:377)
	at org.junit.jupiter.engine.descriptor.ClassBasedTestDescriptor.lambda$instantiateAndPostProcessTestInstance$6(ClassBasedTestDescriptor.java:290)
	at org.junit.platform.engine.support.hierarchical.ThrowableCollector.execute(ThrowableCollector.java:73)
	at org.junit.jupiter.engine.descriptor.ClassBasedTestDescriptor.instantiateAndPostProcessTestInstance(ClassBasedTestDescriptor.java:289)
	at org.junit.jupiter.engine.descriptor.ClassBasedTestDescriptor.lambda$testInstancesProvider$4(ClassBasedTestDescriptor.java:279)
	at java.base/java.util.Optional.orElseGet(Optional.java:364)
	at org.junit.jupiter.engine.descriptor.ClassBasedTestDescriptor.lambda$testInstancesProvider$5(ClassBasedTestDescriptor.java:278)
	at org.junit.jupiter.engine.execution.TestInstancesProvider.getTestInstances(TestInstancesProvider.java:31)
	at org.junit.jupiter.engine.descriptor.TestMethodTestDescriptor.lambda$prepare$0(TestMethodTestDescriptor.java:106)
	at org.junit.platform.engine.support.hierarchical.ThrowableCollector.execute(ThrowableCollector.java:73)
	at org.junit.jupiter.engine.descriptor.TestMethodTestDescriptor.prepare(TestMethodTestDescriptor.java:105)
	at org.junit.jupiter.engine.descriptor.TestMethodTestDescriptor.prepare(TestMethodTestDescriptor.java:69)
	at org.junit.platform.engine.support.hierarchical.NodeTestTask.lambda$prepare$2(NodeTestTask.java:123)
	at org.junit.platform.engine.support.hierarchical.ThrowableCollector.execute(ThrowableCollector.java:73)
	at org.junit.platform.engine.support.hierarchical.NodeTestTask.prepare(NodeTestTask.java:123)
	at org.junit.platform.engine.support.hierarchical.NodeTestTask.execute(NodeTestTask.java:90)
	at java.base/java.util.ArrayList.forEach(ArrayList.java:1511)
	at org.junit.platform.engine.support.hierarchical.SameThreadHierarchicalTestExecutorService.invokeAll(SameThreadHierarchicalTestExecutorService.java:41)
	at org.junit.platform.engine.support.hierarchical.NodeTestTask.lambda$executeRecursively$6(NodeTestTask.java:155)
	at org.junit.platform.engine.support.hierarchical.ThrowableCollector.execute(ThrowableCollector.java:73)
	at org.junit.platform.engine.support.hierarchical.NodeTestTask.lambda$executeRecursively$8(NodeTestTask.java:141)
	at org.junit.platform.engine.support.hierarchical.Node.around(Node.java:137)
	at org.junit.platform.engine.support.hierarchical.NodeTestTask.lambda$executeRecursively$9(NodeTestTask.java:139)
	at org.junit.platform.engine.support.hierarchical.ThrowableCollector.execute(ThrowableCollector.java:73)
	at org.junit.platform.engine.support.hierarchical.NodeTestTask.executeRecursively(NodeTestTask.java:138)
	at org.junit.platform.engine.support.hierarchical.NodeTestTask.execute(NodeTestTask.java:95)
	at java.base/java.util.ArrayList.forEach(ArrayList.java:1511)
	at org.junit.platform.engine.support.hierarchical.SameThreadHierarchicalTestExecutorService.invokeAll(SameThreadHierarchicalTestExecutorService.java:41)
	at org.junit.platform.engine.support.hierarchical.NodeTestTask.lambda$executeRecursively$6(NodeTestTask.java:155)
	at org.junit.platform.engine.support.hierarchical.ThrowableCollector.execute(ThrowableCollector.java:73)
	at org.junit.platform.engine.support.hierarchical.NodeTestTask.lambda$executeRecursively$8(NodeTestTask.java:141)
	at org.junit.platform.engine.support.hierarchical.Node.around(Node.java:137)
	at org.junit.platform.engine.support.hierarchical.NodeTestTask.lambda$executeRecursively$9(NodeTestTask.java:139)
	at org.junit.platform.engine.support.hierarchical.ThrowableCollector.execute(ThrowableCollector.java:73)
	at org.junit.platform.engine.support.hierarchical.NodeTestTask.executeRecursively(NodeTestTask.java:138)
	at org.junit.platform.engine.support.hierarchical.NodeTestTask.execute(NodeTestTask.java:95)
	at org.junit.platform.engine.support.hierarchical.SameThreadHierarchicalTestExecutorService.submit(SameThreadHierarchicalTestExecutorService.java:35)
	at org.junit.platform.engine.support.hierarchical.HierarchicalTestExecutor.execute(HierarchicalTestExecutor.java:57)
	at org.junit.platform.engine.support.hierarchical.HierarchicalTestEngine.execute(HierarchicalTestEngine.java:54)
	at org.junit.platform.launcher.core.EngineExecutionOrchestrator.execute(EngineExecutionOrchestrator.java:198)
	at org.junit.platform.launcher.core.EngineExecutionOrchestrator.execute(EngineExecutionOrchestrator.java:169)
	at org.junit.platform.launcher.core.EngineExecutionOrchestrator.execute(EngineExecutionOrchestrator.java:93)
	at org.junit.platform.launcher.core.EngineExecutionOrchestrator.lambda$execute$0(EngineExecutionOrchestrator.java:58)
	at org.junit.platform.launcher.core.EngineExecutionOrchestrator.withInterceptedStreams(EngineExecutionOrchestrator.java:141)
	at org.junit.platform.launcher.core.EngineExecutionOrchestrator.execute(EngineExecutionOrchestrator.java:57)
	at org.junit.platform.launcher.core.DefaultLauncher.execute(DefaultLauncher.java:103)
	at org.junit.platform.launcher.core.DefaultLauncher.execute(DefaultLauncher.java:85)
	at org.junit.platform.launcher.core.DelegatingLauncher.execute(DelegatingLauncher.java:47)
	at org.apache.maven.surefire.junitplatform.LazyLauncher.execute(LazyLauncher.java:56)
	at org.apache.maven.surefire.junitplatform.JUnitPlatformProvider.execute(JUnitPlatformProvider.java:184)
	at org.apache.maven.surefire.junitplatform.JUnitPlatformProvider.invokeAllTests(JUnitPlatformProvider.java:148)
	at org.apache.maven.surefire.junitplatform.JUnitPlatformProvider.invoke(JUnitPlatformProvider.java:122)
	at org.apache.maven.surefire.booter.ForkedBooter.runSuitesInProcess(ForkedBooter.java:385)
	at org.apache.maven.surefire.booter.ForkedBooter.execute(ForkedBooter.java:162)
	at org.apache.maven.surefire.booter.ForkedBooter.run(ForkedBooter.java:507)
	at org.apache.maven.surefire.booter.ForkedBooter.main(ForkedBooter.java:495)
Caused by: org.apache.hc.client5.http.HttpHostConnectException: Connect to http://localhost:8761 [localhost/127.0.0.1, localhost/0:0:0:0:0:0:0:1] failed: Connection refused: getsockopt
	at java.base/sun.nio.ch.Net.pollConnect(Native Method)
	at java.base/sun.nio.ch.Net.pollConnectNow(Net.java:672)
	at java.base/sun.nio.ch.NioSocketImpl.timedFinishConnect(NioSocketImpl.java:547)
	at java.base/sun.nio.ch.NioSocketImpl.connect(NioSocketImpl.java:602)
	at java.base/java.net.SocksSocketImpl.connect(SocksSocketImpl.java:327)
	at java.base/java.net.Socket.connect(Socket.java:633)
	at org.apache.hc.client5.http.socket.PlainConnectionSocketFactory.lambda$connectSocket$0(PlainConnectionSocketFactory.java:85)
	at java.base/java.security.AccessController.doPrivileged(AccessController.java:569)
	at org.apache.hc.client5.http.socket.PlainConnectionSocketFactory.connectSocket(PlainConnectionSocketFactory.java:84)
	at org.apache.hc.client5.http.socket.ConnectionSocketFactory.connectSocket(ConnectionSocketFactory.java:113)
	at org.apache.hc.client5.http.impl.io.DefaultHttpClientConnectionOperator.connect(DefaultHttpClientConnectionOperator.java:181)
	at org.apache.hc.client5.http.impl.io.PoolingHttpClientConnectionManager.connect(PoolingHttpClientConnectionManager.java:447)
	at org.apache.hc.client5.http.impl.classic.InternalExecRuntime.connectEndpoint(InternalExecRuntime.java:162)
	at org.apache.hc.client5.http.impl.classic.InternalExecRuntime.connectEndpoint(InternalExecRuntime.java:172)
	at org.apache.hc.client5.http.impl.classic.ConnectExec.execute(ConnectExec.java:142)
	at org.apache.hc.client5.http.impl.classic.ExecChainElement.execute(ExecChainElement.java:51)
	at org.apache.hc.client5.http.impl.classic.ProtocolExec.execute(ProtocolExec.java:192)
	at org.apache.hc.client5.http.impl.classic.ExecChainElement.execute(ExecChainElement.java:51)
	at org.apache.hc.client5.http.impl.classic.HttpRequestRetryExec.execute(HttpRequestRetryExec.java:96)
	at org.apache.hc.client5.http.impl.classic.ExecChainElement.execute(ExecChainElement.java:51)
	at org.apache.hc.client5.http.impl.classic.ContentCompressionExec.execute(ContentCompressionExec.java:152)
	at org.apache.hc.client5.http.impl.classic.ExecChainElement.execute(ExecChainElement.java:51)
	at org.apache.hc.client5.http.impl.classic.RedirectExec.execute(RedirectExec.java:115)
	at org.apache.hc.client5.http.impl.classic.ExecChainElement.execute(ExecChainElement.java:51)
	at org.apache.hc.client5.http.impl.classic.InternalHttpClient.doExecute(InternalHttpClient.java:170)
	at org.apache.hc.client5.http.impl.classic.CloseableHttpClient.execute(CloseableHttpClient.java:87)
	at org.apache.hc.client5.http.impl.classic.CloseableHttpClient.execute(CloseableHttpClient.java:55)
	at org.apache.hc.client5.http.classic.HttpClient.executeOpen(HttpClient.java:183)
	at org.springframework.http.client.HttpComponentsClientHttpRequest.executeInternal(HttpComponentsClientHttpRequest.java:95)
	at org.springframework.http.client.AbstractStreamingClientHttpRequest.executeInternal(AbstractStreamingClientHttpRequest.java:70)
	at org.springframework.http.client.AbstractClientHttpRequest.execute(AbstractClientHttpRequest.java:66)
	at org.springframework.http.client.InterceptingClientHttpRequest$InterceptingRequestExecution.execute(InterceptingClientHttpRequest.java:101)
	at org.springframework.cloud.netflix.eureka.http.RestTemplateTransportClientFactory.lambda$restTemplate$0(RestTemplateTransportClientFactory.java:143)
	at org.springframework.http.client.InterceptingClientHttpRequest$InterceptingRequestExecution.execute(InterceptingClientHttpRequest.java:87)
	at org.springframework.http.client.support.BasicAuthenticationInterceptor.intercept(BasicAuthenticationInterceptor.java:79)
	at org.springframework.http.client.InterceptingClientHttpRequest$InterceptingRequestExecution.execute(InterceptingClientHttpRequest.java:87)
	at org.springframework.http.client.InterceptingClientHttpRequest.executeInternal(InterceptingClientHttpRequest.java:71)
	at org.springframework.http.client.AbstractBufferingClientHttpRequest.executeInternal(AbstractBufferingClientHttpRequest.java:48)
	at org.springframework.http.client.AbstractClientHttpRequest.execute(AbstractClientHttpRequest.java:66)
	at org.springframework.web.client.RestTemplate.doExecute(RestTemplate.java:879)
	... 145 more

12:16:29.262 &amp#27;[31mWARN &amp#27;[0;39m [&amp#27;[36mGATEWAY&amp#27;[0;39m] [main] &amp#27;[33mc.n.d.s.t.d.RetryableEurekaHttpClient&amp#27;[0;39m - Request execution failed with message: I/O error on GET request for "http://localhost:8761/eureka/apps/": Connect to http://localhost:8761 [localhost/127.0.0.1, localhost/0:0:0:0:0:0:0:1] failed: Connection refused: getsockopt
12:16:29.264 &amp#27;[34mINFO &amp#27;[0;39m [&amp#27;[36mGATEWAY&amp#27;[0;39m] [main] &amp#27;[33mc.n.discovery.DiscoveryClient&amp#27;[0;39m - DiscoveryClient_API-GATEWAY/api-gateway:8080 - was unable to refresh its cache! This periodic background refresh will be retried in 5 seconds. status = Cannot execute request on any known server stacktrace = com.netflix.discovery.shared.transport.TransportException: Cannot execute request on any known server
	at com.netflix.discovery.shared.transport.decorator.RetryableEurekaHttpClient.execute(RetryableEurekaHttpClient.java:112)
	at com.netflix.discovery.shared.transport.decorator.EurekaHttpClientDecorator.getApplications(EurekaHttpClientDecorator.java:134)
	at com.netflix.discovery.shared.transport.decorator.EurekaHttpClientDecorator$6.execute(EurekaHttpClientDecorator.java:137)
	at com.netflix.discovery.shared.transport.decorator.SessionedEurekaHttpClient.execute(SessionedEurekaHttpClient.java:77)
	at com.netflix.discovery.shared.transport.decorator.EurekaHttpClientDecorator.getApplications(EurekaHttpClientDecorator.java:134)
	at com.netflix.discovery.DiscoveryClient.getAndStoreFullRegistry(DiscoveryClient.java:1045)
	at com.netflix.discovery.DiscoveryClient.fetchRegistry(DiscoveryClient.java:958)
	at com.netflix.discovery.DiscoveryClient.<init>(DiscoveryClient.java:396)
	at com.netflix.discovery.DiscoveryClient.<init>(DiscoveryClient.java:247)
	at com.netflix.discovery.DiscoveryClient.<init>(DiscoveryClient.java:242)
	at org.springframework.cloud.netflix.eureka.CloudEurekaClient.<init>(CloudEurekaClient.java:68)
	at org.springframework.cloud.netflix.eureka.EurekaClientAutoConfiguration$RefreshableEurekaClientConfiguration.eurekaClient(EurekaClientAutoConfiguration.java:320)
	at java.base/jdk.internal.reflect.NativeMethodAccessorImpl.invoke0(Native Method)
	at java.base/jdk.internal.reflect.NativeMethodAccessorImpl.invoke(NativeMethodAccessorImpl.java:77)
	at java.base/jdk.internal.reflect.DelegatingMethodAccessorImpl.invoke(DelegatingMethodAccessorImpl.java:43)
	at java.base/java.lang.reflect.Method.invoke(Method.java:568)
	at org.springframework.beans.factory.support.SimpleInstantiationStrategy.instantiate(SimpleInstantiationStrategy.java:140)
	at org.springframework.beans.factory.support.ConstructorResolver.instantiate(ConstructorResolver.java:651)
	at org.springframework.beans.factory.support.ConstructorResolver.instantiateUsingFactoryMethod(ConstructorResolver.java:643)
	at org.springframework.beans.factory.support.AbstractAutowireCapableBeanFactory.instantiateUsingFactoryMethod(AbstractAutowireCapableBeanFactory.java:1336)
	at org.springframework.beans.factory.support.AbstractAutowireCapableBeanFactory.createBeanInstance(AbstractAutowireCapableBeanFactory.java:1166)
	at org.springframework.beans.factory.support.AbstractAutowireCapableBeanFactory.doCreateBean(AbstractAutowireCapableBeanFactory.java:563)
	at org.springframework.beans.factory.support.AbstractAutowireCapableBeanFactory.createBean(AbstractAutowireCapableBeanFactory.java:523)
	at org.springframework.beans.factory.support.AbstractBeanFactory.lambda$doGetBean$1(AbstractBeanFactory.java:364)
	at org.springframework.cloud.context.scope.GenericScope$BeanLifecycleWrapper.getBean(GenericScope.java:375)
	at org.springframework.cloud.context.scope.GenericScope.get(GenericScope.java:179)
	at org.springframework.beans.factory.support.AbstractBeanFactory.doGetBean(AbstractBeanFactory.java:361)
	at org.springframework.beans.factory.support.AbstractBeanFactory.getBean(AbstractBeanFactory.java:199)
	at org.springframework.aop.target.SimpleBeanTargetSource.getTarget(SimpleBeanTargetSource.java:35)
	at org.springframework.cloud.netflix.eureka.serviceregistry.EurekaRegistration.getTargetObject(EurekaRegistration.java:128)
	at org.springframework.cloud.netflix.eureka.serviceregistry.EurekaRegistration.getEurekaClient(EurekaRegistration.java:116)
	at java.base/jdk.internal.reflect.NativeMethodAccessorImpl.invoke0(Native Method)
	at java.base/jdk.internal.reflect.NativeMethodAccessorImpl.invoke(NativeMethodAccessorImpl.java:77)
	at java.base/jdk.internal.reflect.DelegatingMethodAccessorImpl.invoke(DelegatingMethodAccessorImpl.java:43)
	at java.base/java.lang.reflect.Method.invoke(Method.java:568)
	at org.springframework.util.ReflectionUtils.invokeMethod(ReflectionUtils.java:281)
	at org.springframework.cloud.context.scope.GenericScope$LockedScopedProxyFactoryBean.invoke(GenericScope.java:482)
	at org.springframework.aop.framework.ReflectiveMethodInvocation.proceed(ReflectiveMethodInvocation.java:184)
	at org.springframework.aop.framework.CglibAopProxy$CglibMethodInvocation.proceed(CglibAopProxy.java:765)
	at org.springframework.aop.framework.CglibAopProxy$DynamicAdvisedInterceptor.intercept(CglibAopProxy.java:717)
	at org.springframework.cloud.netflix.eureka.serviceregistry.EurekaRegistration$$SpringCGLIB$$0.getEurekaClient(<generated>)
	at org.springframework.cloud.netflix.eureka.serviceregistry.EurekaServiceRegistry.maybeInitializeClient(EurekaServiceRegistry.java:54)
	at org.springframework.cloud.netflix.eureka.serviceregistry.EurekaServiceRegistry.register(EurekaServiceRegistry.java:38)
	at org.springframework.cloud.netflix.eureka.serviceregistry.EurekaAutoServiceRegistration.start(EurekaAutoServiceRegistration.java:83)
	at org.springframework.context.support.DefaultLifecycleProcessor.doStart(DefaultLifecycleProcessor.java:284)
	at org.springframework.context.support.DefaultLifecycleProcessor$LifecycleGroup.start(DefaultLifecycleProcessor.java:467)
	at java.base/java.lang.Iterable.forEach(Iterable.java:75)
	at org.springframework.context.support.DefaultLifecycleProcessor.startBeans(DefaultLifecycleProcessor.java:256)
	at org.springframework.context.support.DefaultLifecycleProcessor.onRefresh(DefaultLifecycleProcessor.java:201)
	at org.springframework.context.support.AbstractApplicationContext.finishRefresh(AbstractApplicationContext.java:965)
	at org.springframework.context.support.AbstractApplicationContext.refresh(AbstractApplicationContext.java:619)
	at org.springframework.boot.SpringApplication.refresh(SpringApplication.java:753)
	at org.springframework.boot.SpringApplication.refreshContext(SpringApplication.java:455)
	at org.springframework.boot.SpringApplication.run(SpringApplication.java:323)
	at org.springframework.boot.test.context.SpringBootContextLoader.lambda$loadContext$3(SpringBootContextLoader.java:137)
	at org.springframework.util.function.ThrowingSupplier.get(ThrowingSupplier.java:58)
	at org.springframework.util.function.ThrowingSupplier.get(ThrowingSupplier.java:46)
	at org.springframework.boot.SpringApplication.withHook(SpringApplication.java:1442)
	at org.springframework.boot.test.context.SpringBootContextLoader$ContextLoaderHook.run(SpringBootContextLoader.java:552)
	at org.springframework.boot.test.context.SpringBootContextLoader.loadContext(SpringBootContextLoader.java:137)
	at org.springframework.boot.test.context.SpringBootContextLoader.loadContext(SpringBootContextLoader.java:108)
	at org.springframework.test.context.cache.DefaultCacheAwareContextLoaderDelegate.loadContextInternal(DefaultCacheAwareContextLoaderDelegate.java:225)
	at org.springframework.test.context.cache.DefaultCacheAwareContextLoaderDelegate.loadContext(DefaultCacheAwareContextLoaderDelegate.java:152)
	at org.springframework.test.context.support.DefaultTestContext.getApplicationContext(DefaultTestContext.java:130)
	at org.springframework.test.context.support.DependencyInjectionTestExecutionListener.injectDependencies(DependencyInjectionTestExecutionListener.java:141)
	at org.springframework.test.context.support.DependencyInjectionTestExecutionListener.prepareTestInstance(DependencyInjectionTestExecutionListener.java:97)
	at org.springframework.test.context.TestContextManager.prepareTestInstance(TestContextManager.java:247)
	at org.springframework.test.context.junit.jupiter.SpringExtension.postProcessTestInstance(SpringExtension.java:163)
	at org.junit.jupiter.engine.descriptor.ClassBasedTestDescriptor.lambda$invokeTestInstancePostProcessors$10(ClassBasedTestDescriptor.java:378)
	at org.junit.jupiter.engine.descriptor.ClassBasedTestDescriptor.executeAndMaskThrowable(ClassBasedTestDescriptor.java:383)
	at org.junit.jupiter.engine.descriptor.ClassBasedTestDescriptor.lambda$invokeTestInstancePostProcessors$11(ClassBasedTestDescriptor.java:378)
	at java.base/java.util.stream.ReferencePipeline$3$1.accept(ReferencePipeline.java:197)
	at java.base/java.util.stream.ReferencePipeline$2$1.accept(ReferencePipeline.java:179)
	at java.base/java.util.ArrayList$ArrayListSpliterator.forEachRemaining(ArrayList.java:1625)
	at java.base/java.util.stream.AbstractPipeline.copyInto(AbstractPipeline.java:509)
	at java.base/java.util.stream.AbstractPipeline.wrapAndCopyInto(AbstractPipeline.java:499)
	at java.base/java.util.stream.StreamSpliterators$WrappingSpliterator.forEachRemaining(StreamSpliterators.java:310)
	at java.base/java.util.stream.Streams$ConcatSpliterator.forEachRemaining(Streams.java:735)
	at java.base/java.util.stream.Streams$ConcatSpliterator.forEachRemaining(Streams.java:734)
	at java.base/java.util.stream.ReferencePipeline$Head.forEach(ReferencePipeline.java:762)
	at org.junit.jupiter.engine.descriptor.ClassBasedTestDescriptor.invokeTestInstancePostProcessors(ClassBasedTestDescriptor.java:377)
	at org.junit.jupiter.engine.descriptor.ClassBasedTestDescriptor.lambda$instantiateAndPostProcessTestInstance$6(ClassBasedTestDescriptor.java:290)
	at org.junit.platform.engine.support.hierarchical.ThrowableCollector.execute(ThrowableCollector.java:73)
	at org.junit.jupiter.engine.descriptor.ClassBasedTestDescriptor.instantiateAndPostProcessTestInstance(ClassBasedTestDescriptor.java:289)
	at org.junit.jupiter.engine.descriptor.ClassBasedTestDescriptor.lambda$testInstancesProvider$4(ClassBasedTestDescriptor.java:279)
	at java.base/java.util.Optional.orElseGet(Optional.java:364)
	at org.junit.jupiter.engine.descriptor.ClassBasedTestDescriptor.lambda$testInstancesProvider$5(ClassBasedTestDescriptor.java:278)
	at org.junit.jupiter.engine.execution.TestInstancesProvider.getTestInstances(TestInstancesProvider.java:31)
	at org.junit.jupiter.engine.descriptor.TestMethodTestDescriptor.lambda$prepare$0(TestMethodTestDescriptor.java:106)
	at org.junit.platform.engine.support.hierarchical.ThrowableCollector.execute(ThrowableCollector.java:73)
	at org.junit.jupiter.engine.descriptor.TestMethodTestDescriptor.prepare(TestMethodTestDescriptor.java:105)
	at org.junit.jupiter.engine.descriptor.TestMethodTestDescriptor.prepare(TestMethodTestDescriptor.java:69)
	at org.junit.platform.engine.support.hierarchical.NodeTestTask.lambda$prepare$2(NodeTestTask.java:123)
	at org.junit.platform.engine.support.hierarchical.ThrowableCollector.execute(ThrowableCollector.java:73)
	at org.junit.platform.engine.support.hierarchical.NodeTestTask.prepare(NodeTestTask.java:123)
	at org.junit.platform.engine.support.hierarchical.NodeTestTask.execute(NodeTestTask.java:90)
	at java.base/java.util.ArrayList.forEach(ArrayList.java:1511)
	at org.junit.platform.engine.support.hierarchical.SameThreadHierarchicalTestExecutorService.invokeAll(SameThreadHierarchicalTestExecutorService.java:41)
	at org.junit.platform.engine.support.hierarchical.NodeTestTask.lambda$executeRecursively$6(NodeTestTask.java:155)
	at org.junit.platform.engine.support.hierarchical.ThrowableCollector.execute(ThrowableCollector.java:73)
	at org.junit.platform.engine.support.hierarchical.NodeTestTask.lambda$executeRecursively$8(NodeTestTask.java:141)
	at org.junit.platform.engine.support.hierarchical.Node.around(Node.java:137)
	at org.junit.platform.engine.support.hierarchical.NodeTestTask.lambda$executeRecursively$9(NodeTestTask.java:139)
	at org.junit.platform.engine.support.hierarchical.ThrowableCollector.execute(ThrowableCollector.java:73)
	at org.junit.platform.engine.support.hierarchical.NodeTestTask.executeRecursively(NodeTestTask.java:138)
	at org.junit.platform.engine.support.hierarchical.NodeTestTask.execute(NodeTestTask.java:95)
	at java.base/java.util.ArrayList.forEach(ArrayList.java:1511)
	at org.junit.platform.engine.support.hierarchical.SameThreadHierarchicalTestExecutorService.invokeAll(SameThreadHierarchicalTestExecutorService.java:41)
	at org.junit.platform.engine.support.hierarchical.NodeTestTask.lambda$executeRecursively$6(NodeTestTask.java:155)
	at org.junit.platform.engine.support.hierarchical.ThrowableCollector.execute(ThrowableCollector.java:73)
	at org.junit.platform.engine.support.hierarchical.NodeTestTask.lambda$executeRecursively$8(NodeTestTask.java:141)
	at org.junit.platform.engine.support.hierarchical.Node.around(Node.java:137)
	at org.junit.platform.engine.support.hierarchical.NodeTestTask.lambda$executeRecursively$9(NodeTestTask.java:139)
	at org.junit.platform.engine.support.hierarchical.ThrowableCollector.execute(ThrowableCollector.java:73)
	at org.junit.platform.engine.support.hierarchical.NodeTestTask.executeRecursively(NodeTestTask.java:138)
	at org.junit.platform.engine.support.hierarchical.NodeTestTask.execute(NodeTestTask.java:95)
	at org.junit.platform.engine.support.hierarchical.SameThreadHierarchicalTestExecutorService.submit(SameThreadHierarchicalTestExecutorService.java:35)
	at org.junit.platform.engine.support.hierarchical.HierarchicalTestExecutor.execute(HierarchicalTestExecutor.java:57)
	at org.junit.platform.engine.support.hierarchical.HierarchicalTestEngine.execute(HierarchicalTestEngine.java:54)
	at org.junit.platform.launcher.core.EngineExecutionOrchestrator.execute(EngineExecutionOrchestrator.java:198)
	at org.junit.platform.launcher.core.EngineExecutionOrchestrator.execute(EngineExecutionOrchestrator.java:169)
	at org.junit.platform.launcher.core.EngineExecutionOrchestrator.execute(EngineExecutionOrchestrator.java:93)
	at org.junit.platform.launcher.core.EngineExecutionOrchestrator.lambda$execute$0(EngineExecutionOrchestrator.java:58)
	at org.junit.platform.launcher.core.EngineExecutionOrchestrator.withInterceptedStreams(EngineExecutionOrchestrator.java:141)
	at org.junit.platform.launcher.core.EngineExecutionOrchestrator.execute(EngineExecutionOrchestrator.java:57)
	at org.junit.platform.launcher.core.DefaultLauncher.execute(DefaultLauncher.java:103)
	at org.junit.platform.launcher.core.DefaultLauncher.execute(DefaultLauncher.java:85)
	at org.junit.platform.launcher.core.DelegatingLauncher.execute(DelegatingLauncher.java:47)
	at org.apache.maven.surefire.junitplatform.LazyLauncher.execute(LazyLauncher.java:56)
	at org.apache.maven.surefire.junitplatform.JUnitPlatformProvider.execute(JUnitPlatformProvider.java:184)
	at org.apache.maven.surefire.junitplatform.JUnitPlatformProvider.invokeAllTests(JUnitPlatformProvider.java:148)
	at org.apache.maven.surefire.junitplatform.JUnitPlatformProvider.invoke(JUnitPlatformProvider.java:122)
	at org.apache.maven.surefire.booter.ForkedBooter.runSuitesInProcess(ForkedBooter.java:385)
	at org.apache.maven.surefire.booter.ForkedBooter.execute(ForkedBooter.java:162)
	at org.apache.maven.surefire.booter.ForkedBooter.run(ForkedBooter.java:507)
	at org.apache.maven.surefire.booter.ForkedBooter.main(ForkedBooter.java:495)

12:16:29.268 &amp#27;[34mINFO &amp#27;[0;39m [&amp#27;[36mGATEWAY&amp#27;[0;39m] [main] &amp#27;[33mc.n.discovery.DiscoveryClient&amp#27;[0;39m - Initial registry fetch from primary servers failed
12:16:29.268 &amp#27;[31mWARN &amp#27;[0;39m [&amp#27;[36mGATEWAY&amp#27;[0;39m] [main] &amp#27;[33mc.n.discovery.DiscoveryClient&amp#27;[0;39m - Using default backup registry implementation which does not do anything.
12:16:29.270 &amp#27;[34mINFO &amp#27;[0;39m [&amp#27;[36mGATEWAY&amp#27;[0;39m] [main] &amp#27;[33mc.n.discovery.DiscoveryClient&amp#27;[0;39m - Initial registry fetch from backup servers failed
12:16:29.273 &amp#27;[34mINFO &amp#27;[0;39m [&amp#27;[36mGATEWAY&amp#27;[0;39m] [main] &amp#27;[33mc.n.discovery.DiscoveryClient&amp#27;[0;39m - Starting heartbeat executor: renew interval is: 10
12:16:29.280 &amp#27;[34mINFO &amp#27;[0;39m [&amp#27;[36mGATEWAY&amp#27;[0;39m] [main] &amp#27;[33mc.n.d.InstanceInfoReplicator&amp#27;[0;39m - InstanceInfoReplicator onDemand update allowed rate per min is 4
12:16:29.293 &amp#27;[34mINFO &amp#27;[0;39m [&amp#27;[36mGATEWAY&amp#27;[0;39m] [main] &amp#27;[33mc.n.discovery.DiscoveryClient&amp#27;[0;39m - Discovery Client initialized at timestamp 1772261189290 with initial instances count: 0
12:16:29.297 &amp#27;[34mINFO &amp#27;[0;39m [&amp#27;[36mGATEWAY&amp#27;[0;39m] [main] &amp#27;[33mo.s.c.n.e.s.EurekaServiceRegistry&amp#27;[0;39m - Registering application API-GATEWAY with eureka with status UP
12:16:29.299 &amp#27;[34mINFO &amp#27;[0;39m [&amp#27;[36mGATEWAY&amp#27;[0;39m] [main] &amp#27;[33mc.n.discovery.DiscoveryClient&amp#27;[0;39m - Saw local status change event StatusChangeEvent [timestamp=1772261189299, current=UP, previous=STARTING]
12:16:29.309 &amp#27;[34mINFO &amp#27;[0;39m [&amp#27;[36mGATEWAY&amp#27;[0;39m] [DiscoveryClient-InstanceInfoReplicator-0] &amp#27;[33mc.n.discovery.DiscoveryClient&amp#27;[0;39m - DiscoveryClient_API-GATEWAY/api-gateway:8080: registering service...
12:16:29.376 &amp#27;[39mDEBUG&amp#27;[0;39m [&amp#27;[36mGATEWAY&amp#27;[0;39m] [main] &amp#27;[33mo.s.c.g.r.RouteDefinitionRouteLocator&amp#27;[0;39m - RouteDefinition auth-service applying {_genkey_0=/api/auth/**} to Path
12:16:29.465 &amp#27;[39mDEBUG&amp#27;[0;39m [&amp#27;[36mGATEWAY&amp#27;[0;39m] [main] &amp#27;[33mo.s.c.g.r.RouteDefinitionRouteLocator&amp#27;[0;39m - RouteDefinition auth-service applying filter {_genkey_0=X-Response-Time, _genkey_1=api-gateway} to AddResponseHeader
12:16:29.499 &amp#27;[39mDEBUG&amp#27;[0;39m [&amp#27;[36mGATEWAY&amp#27;[0;39m] [main] &amp#27;[33mo.s.c.g.r.RouteDefinitionRouteLocator&amp#27;[0;39m - RouteDefinition auth-service applying filter {retries=3, statuses=BAD_GATEWAY, SERVICE_UNAVAILABLE, GATEWAY_TIMEOUT, methods=GET} to Retry
12:16:29.549 &amp#27;[34mINFO &amp#27;[0;39m [&amp#27;[36mGATEWAY&amp#27;[0;39m] [DiscoveryClient-InstanceInfoReplicator-0] &amp#27;[33mc.n.d.s.t.d.RedirectingEurekaHttpClient&amp#27;[0;39m - Request execution error. endpoint=DefaultEndpoint{ serviceUrl='http://eureka-admin:eureka-secret@localhost:8761/eureka/}, exception=I/O error on POST request for "http://localhost:8761/eureka/apps/API-GATEWAY": Connect to http://localhost:8761 [localhost/127.0.0.1, localhost/0:0:0:0:0:0:0:1] failed: Connection refused: getsockopt stacktrace=org.springframework.web.client.ResourceAccessException: I/O error on POST request for "http://localhost:8761/eureka/apps/API-GATEWAY": Connect to http://localhost:8761 [localhost/127.0.0.1, localhost/0:0:0:0:0:0:0:1] failed: Connection refused: getsockopt
	at org.springframework.web.client.RestTemplate.createResourceAccessException(RestTemplate.java:905)
	at org.springframework.web.client.RestTemplate.doExecute(RestTemplate.java:885)
	at org.springframework.web.client.RestTemplate.execute(RestTemplate.java:781)
	at org.springframework.web.client.RestTemplate.exchange(RestTemplate.java:663)
	at org.springframework.cloud.netflix.eureka.http.RestTemplateEurekaHttpClient.register(RestTemplateEurekaHttpClient.java:77)
	at com.netflix.discovery.shared.transport.decorator.EurekaHttpClientDecorator$1.execute(EurekaHttpClientDecorator.java:59)
	at com.netflix.discovery.shared.transport.decorator.RedirectingEurekaHttpClient.executeOnNewServer(RedirectingEurekaHttpClient.java:121)
	at com.netflix.discovery.shared.transport.decorator.RedirectingEurekaHttpClient.execute(RedirectingEurekaHttpClient.java:80)
	at com.netflix.discovery.shared.transport.decorator.EurekaHttpClientDecorator.register(EurekaHttpClientDecorator.java:56)
	at com.netflix.discovery.shared.transport.decorator.EurekaHttpClientDecorator$1.execute(EurekaHttpClientDecorator.java:59)
	at com.netflix.discovery.shared.transport.decorator.RetryableEurekaHttpClient.execute(RetryableEurekaHttpClient.java:120)
	at com.netflix.discovery.shared.transport.decorator.EurekaHttpClientDecorator.register(EurekaHttpClientDecorator.java:56)
	at com.netflix.discovery.shared.transport.decorator.EurekaHttpClientDecorator$1.execute(EurekaHttpClientDecorator.java:59)
	at com.netflix.discovery.shared.transport.decorator.SessionedEurekaHttpClient.execute(SessionedEurekaHttpClient.java:77)
	at com.netflix.discovery.shared.transport.decorator.EurekaHttpClientDecorator.register(EurekaHttpClientDecorator.java:56)
	at com.netflix.discovery.DiscoveryClient.register(DiscoveryClient.java:820)
	at com.netflix.discovery.InstanceInfoReplicator.run(InstanceInfoReplicator.java:121)
	at com.netflix.discovery.InstanceInfoReplicator$1.run(InstanceInfoReplicator.java:101)
	at java.base/java.util.concurrent.Executors$RunnableAdapter.call(Executors.java:539)
	at java.base/java.util.concurrent.FutureTask.run(FutureTask.java:264)
	at java.base/java.util.concurrent.ScheduledThreadPoolExecutor$ScheduledFutureTask.run(ScheduledThreadPoolExecutor.java:304)
	at java.base/java.util.concurrent.ThreadPoolExecutor.runWorker(ThreadPoolExecutor.java:1136)
	at java.base/java.util.concurrent.ThreadPoolExecutor$Worker.run(ThreadPoolExecutor.java:635)
	at java.base/java.lang.Thread.run(Thread.java:840)
Caused by: org.apache.hc.client5.http.HttpHostConnectException: Connect to http://localhost:8761 [localhost/127.0.0.1, localhost/0:0:0:0:0:0:0:1] failed: Connection refused: getsockopt
	at java.base/sun.nio.ch.Net.pollConnect(Native Method)
	at java.base/sun.nio.ch.Net.pollConnectNow(Net.java:672)
	at java.base/sun.nio.ch.NioSocketImpl.timedFinishConnect(NioSocketImpl.java:547)
	at java.base/sun.nio.ch.NioSocketImpl.connect(NioSocketImpl.java:602)
	at java.base/java.net.SocksSocketImpl.connect(SocksSocketImpl.java:327)
	at java.base/java.net.Socket.connect(Socket.java:633)
	at org.apache.hc.client5.http.socket.PlainConnectionSocketFactory.lambda$connectSocket$0(PlainConnectionSocketFactory.java:85)
	at java.base/java.security.AccessController.doPrivileged(AccessController.java:569)
	at org.apache.hc.client5.http.socket.PlainConnectionSocketFactory.connectSocket(PlainConnectionSocketFactory.java:84)
	at org.apache.hc.client5.http.socket.ConnectionSocketFactory.connectSocket(ConnectionSocketFactory.java:113)
	at org.apache.hc.client5.http.impl.io.DefaultHttpClientConnectionOperator.connect(DefaultHttpClientConnectionOperator.java:181)
	at org.apache.hc.client5.http.impl.io.PoolingHttpClientConnectionManager.connect(PoolingHttpClientConnectionManager.java:447)
	at org.apache.hc.client5.http.impl.classic.InternalExecRuntime.connectEndpoint(InternalExecRuntime.java:162)
	at org.apache.hc.client5.http.impl.classic.InternalExecRuntime.connectEndpoint(InternalExecRuntime.java:172)
	at org.apache.hc.client5.http.impl.classic.ConnectExec.execute(ConnectExec.java:142)
	at org.apache.hc.client5.http.impl.classic.ExecChainElement.execute(ExecChainElement.java:51)
	at org.apache.hc.client5.http.impl.classic.ProtocolExec.execute(ProtocolExec.java:192)
	at org.apache.hc.client5.http.impl.classic.ExecChainElement.execute(ExecChainElement.java:51)
	at org.apache.hc.client5.http.impl.classic.HttpRequestRetryExec.execute(HttpRequestRetryExec.java:96)
	at org.apache.hc.client5.http.impl.classic.ExecChainElement.execute(ExecChainElement.java:51)
	at org.apache.hc.client5.http.impl.classic.ContentCompressionExec.execute(ContentCompressionExec.java:152)
	at org.apache.hc.client5.http.impl.classic.ExecChainElement.execute(ExecChainElement.java:51)
	at org.apache.hc.client5.http.impl.classic.RedirectExec.execute(RedirectExec.java:115)
	at org.apache.hc.client5.http.impl.classic.ExecChainElement.execute(ExecChainElement.java:51)
	at org.apache.hc.client5.http.impl.classic.InternalHttpClient.doExecute(InternalHttpClient.java:170)
	at org.apache.hc.client5.http.impl.classic.CloseableHttpClient.execute(CloseableHttpClient.java:87)
	at org.apache.hc.client5.http.impl.classic.CloseableHttpClient.execute(CloseableHttpClient.java:55)
	at org.apache.hc.client5.http.classic.HttpClient.executeOpen(HttpClient.java:183)
	at org.springframework.http.client.HttpComponentsClientHttpRequest.executeInternal(HttpComponentsClientHttpRequest.java:95)
	at org.springframework.http.client.AbstractStreamingClientHttpRequest.executeInternal(AbstractStreamingClientHttpRequest.java:70)
	at org.springframework.http.client.AbstractClientHttpRequest.execute(AbstractClientHttpRequest.java:66)
	at org.springframework.http.client.InterceptingClientHttpRequest$InterceptingRequestExecution.execute(InterceptingClientHttpRequest.java:101)
	at org.springframework.cloud.netflix.eureka.http.RestTemplateTransportClientFactory.lambda$restTemplate$0(RestTemplateTransportClientFactory.java:143)
	at org.springframework.http.client.InterceptingClientHttpRequest$InterceptingRequestExecution.execute(InterceptingClientHttpRequest.java:87)
	at org.springframework.http.client.support.BasicAuthenticationInterceptor.intercept(BasicAuthenticationInterceptor.java:79)
	at org.springframework.http.client.InterceptingClientHttpRequest$InterceptingRequestExecution.execute(InterceptingClientHttpRequest.java:87)
	at org.springframework.http.client.InterceptingClientHttpRequest.executeInternal(InterceptingClientHttpRequest.java:71)
	at org.springframework.http.client.AbstractBufferingClientHttpRequest.executeInternal(AbstractBufferingClientHttpRequest.java:48)
	at org.springframework.http.client.AbstractClientHttpRequest.execute(AbstractClientHttpRequest.java:66)
	at org.springframework.web.client.RestTemplate.doExecute(RestTemplate.java:879)
	... 22 more

12:16:29.552 &amp#27;[31mWARN &amp#27;[0;39m [&amp#27;[36mGATEWAY&amp#27;[0;39m] [DiscoveryClient-InstanceInfoReplicator-0] &amp#27;[33mc.n.d.s.t.d.RetryableEurekaHttpClient&amp#27;[0;39m - Request execution failed with message: I/O error on POST request for "http://localhost:8761/eureka/apps/API-GATEWAY": Connect to http://localhost:8761 [localhost/127.0.0.1, localhost/0:0:0:0:0:0:0:1] failed: Connection refused: getsockopt
12:16:29.552 &amp#27;[31mWARN &amp#27;[0;39m [&amp#27;[36mGATEWAY&amp#27;[0;39m] [DiscoveryClient-InstanceInfoReplicator-0] &amp#27;[33mc.n.discovery.DiscoveryClient&amp#27;[0;39m - DiscoveryClient_API-GATEWAY/api-gateway:8080 - registration failed Cannot execute request on any known server
com.netflix.discovery.shared.transport.TransportException: Cannot execute request on any known server
	at com.netflix.discovery.shared.transport.decorator.RetryableEurekaHttpClient.execute(RetryableEurekaHttpClient.java:112)
	at com.netflix.discovery.shared.transport.decorator.EurekaHttpClientDecorator.register(EurekaHttpClientDecorator.java:56)
	at com.netflix.discovery.shared.transport.decorator.EurekaHttpClientDecorator$1.execute(EurekaHttpClientDecorator.java:59)
	at com.netflix.discovery.shared.transport.decorator.SessionedEurekaHttpClient.execute(SessionedEurekaHttpClient.java:77)
	at com.netflix.discovery.shared.transport.decorator.EurekaHttpClientDecorator.register(EurekaHttpClientDecorator.java:56)
	at com.netflix.discovery.DiscoveryClient.register(DiscoveryClient.java:820)
	at com.netflix.discovery.InstanceInfoReplicator.run(InstanceInfoReplicator.java:121)
	at com.netflix.discovery.InstanceInfoReplicator$1.run(InstanceInfoReplicator.java:101)
	at java.base/java.util.concurrent.Executors$RunnableAdapter.call(Executors.java:539)
	at java.base/java.util.concurrent.FutureTask.run(FutureTask.java:264)
	at java.base/java.util.concurrent.ScheduledThreadPoolExecutor$ScheduledFutureTask.run(ScheduledThreadPoolExecutor.java:304)
	at java.base/java.util.concurrent.ThreadPoolExecutor.runWorker(ThreadPoolExecutor.java:1136)
	at java.base/java.util.concurrent.ThreadPoolExecutor$Worker.run(ThreadPoolExecutor.java:635)
	at java.base/java.lang.Thread.run(Thread.java:840)
12:16:29.561 &amp#27;[31mWARN &amp#27;[0;39m [&amp#27;[36mGATEWAY&amp#27;[0;39m] [DiscoveryClient-InstanceInfoReplicator-0] &amp#27;[33mc.n.d.InstanceInfoReplicator&amp#27;[0;39m - There was a problem with the instance info replicator
com.netflix.discovery.shared.transport.TransportException: Cannot execute request on any known server
	at com.netflix.discovery.shared.transport.decorator.RetryableEurekaHttpClient.execute(RetryableEurekaHttpClient.java:112)
	at com.netflix.discovery.shared.transport.decorator.EurekaHttpClientDecorator.register(EurekaHttpClientDecorator.java:56)
	at com.netflix.discovery.shared.transport.decorator.EurekaHttpClientDecorator$1.execute(EurekaHttpClientDecorator.java:59)
	at com.netflix.discovery.shared.transport.decorator.SessionedEurekaHttpClient.execute(SessionedEurekaHttpClient.java:77)
	at com.netflix.discovery.shared.transport.decorator.EurekaHttpClientDecorator.register(EurekaHttpClientDecorator.java:56)
	at com.netflix.discovery.DiscoveryClient.register(DiscoveryClient.java:820)
	at com.netflix.discovery.InstanceInfoReplicator.run(InstanceInfoReplicator.java:121)
	at com.netflix.discovery.InstanceInfoReplicator$1.run(InstanceInfoReplicator.java:101)
	at java.base/java.util.concurrent.Executors$RunnableAdapter.call(Executors.java:539)
	at java.base/java.util.concurrent.FutureTask.run(FutureTask.java:264)
	at java.base/java.util.concurrent.ScheduledThreadPoolExecutor$ScheduledFutureTask.run(ScheduledThreadPoolExecutor.java:304)
	at java.base/java.util.concurrent.ThreadPoolExecutor.runWorker(ThreadPoolExecutor.java:1136)
	at java.base/java.util.concurrent.ThreadPoolExecutor$Worker.run(ThreadPoolExecutor.java:635)
	at java.base/java.lang.Thread.run(Thread.java:840)
12:16:29.564 &amp#27;[39mDEBUG&amp#27;[0;39m [&amp#27;[36mGATEWAY&amp#27;[0;39m] [main] &amp#27;[33mo.s.c.g.r.RouteDefinitionRouteLocator&amp#27;[0;39m - RouteDefinition auth-service applying filter {_genkey_0=1} to StripPrefix
12:16:29.590 &amp#27;[39mDEBUG&amp#27;[0;39m [&amp#27;[36mGATEWAY&amp#27;[0;39m] [main] &amp#27;[33mo.s.c.g.r.RouteDefinitionRouteLocator&amp#27;[0;39m - RouteDefinition matched: auth-service
12:16:29.592 &amp#27;[39mDEBUG&amp#27;[0;39m [&amp#27;[36mGATEWAY&amp#27;[0;39m] [main] &amp#27;[33mo.s.c.g.r.RouteDefinitionRouteLocator&amp#27;[0;39m - RouteDefinition user-service applying {_genkey_0=/api/users/**} to Path
12:16:29.596 &amp#27;[39mDEBUG&amp#27;[0;39m [&amp#27;[36mGATEWAY&amp#27;[0;39m] [main] &amp#27;[33mo.s.c.g.r.RouteDefinitionRouteLocator&amp#27;[0;39m - RouteDefinition user-service applying filter {_genkey_0=X-Response-Time, _genkey_1=api-gateway} to AddResponseHeader
12:16:29.602 &amp#27;[39mDEBUG&amp#27;[0;39m [&amp#27;[36mGATEWAY&amp#27;[0;39m] [main] &amp#27;[33mo.s.c.g.r.RouteDefinitionRouteLocator&amp#27;[0;39m - RouteDefinition user-service applying filter {retries=3, statuses=BAD_GATEWAY, SERVICE_UNAVAILABLE, GATEWAY_TIMEOUT, methods=GET} to Retry
12:16:29.618 &amp#27;[39mDEBUG&amp#27;[0;39m [&amp#27;[36mGATEWAY&amp#27;[0;39m] [main] &amp#27;[33mo.s.c.g.r.RouteDefinitionRouteLocator&amp#27;[0;39m - RouteDefinition user-service applying filter {_genkey_0=1} to StripPrefix
12:16:29.627 &amp#27;[39mDEBUG&amp#27;[0;39m [&amp#27;[36mGATEWAY&amp#27;[0;39m] [main] &amp#27;[33mo.s.c.g.r.RouteDefinitionRouteLocator&amp#27;[0;39m - RouteDefinition user-service applying filter {name=user-service-cb, fallbackUri=forward:/fallback/user-service} to CircuitBreaker
12:16:29.680 &amp#27;[39mDEBUG&amp#27;[0;39m [&amp#27;[36mGATEWAY&amp#27;[0;39m] [main] &amp#27;[33mo.s.c.g.r.RouteDefinitionRouteLocator&amp#27;[0;39m - RouteDefinition matched: user-service
12:16:29.680 &amp#27;[39mDEBUG&amp#27;[0;39m [&amp#27;[36mGATEWAY&amp#27;[0;39m] [main] &amp#27;[33mo.s.c.g.r.RouteDefinitionRouteLocator&amp#27;[0;39m - RouteDefinition claim-service applying {_genkey_0=/api/claims/**} to Path
12:16:29.687 &amp#27;[39mDEBUG&amp#27;[0;39m [&amp#27;[36mGATEWAY&amp#27;[0;39m] [main] &amp#27;[33mo.s.c.g.r.RouteDefinitionRouteLocator&amp#27;[0;39m - RouteDefinition claim-service applying filter {_genkey_0=X-Response-Time, _genkey_1=api-gateway} to AddResponseHeader
12:16:29.694 &amp#27;[39mDEBUG&amp#27;[0;39m [&amp#27;[36mGATEWAY&amp#27;[0;39m] [main] &amp#27;[33mo.s.c.g.r.RouteDefinitionRouteLocator&amp#27;[0;39m - RouteDefinition claim-service applying filter {retries=3, statuses=BAD_GATEWAY, SERVICE_UNAVAILABLE, GATEWAY_TIMEOUT, methods=GET} to Retry
12:16:29.704 &amp#27;[39mDEBUG&amp#27;[0;39m [&amp#27;[36mGATEWAY&amp#27;[0;39m] [main] &amp#27;[33mo.s.c.g.r.RouteDefinitionRouteLocator&amp#27;[0;39m - RouteDefinition claim-service applying filter {_genkey_0=1} to StripPrefix
12:16:29.707 &amp#27;[39mDEBUG&amp#27;[0;39m [&amp#27;[36mGATEWAY&amp#27;[0;39m] [main] &amp#27;[33mo.s.c.g.r.RouteDefinitionRouteLocator&amp#27;[0;39m - RouteDefinition claim-service applying filter {name=claim-service-cb, fallbackUri=forward:/fallback/claim-service} to CircuitBreaker
12:16:29.710 &amp#27;[39mDEBUG&amp#27;[0;39m [&amp#27;[36mGATEWAY&amp#27;[0;39m] [main] &amp#27;[33mo.s.c.g.r.RouteDefinitionRouteLocator&amp#27;[0;39m - RouteDefinition matched: claim-service
12:16:29.711 &amp#27;[39mDEBUG&amp#27;[0;39m [&amp#27;[36mGATEWAY&amp#27;[0;39m] [main] &amp#27;[33mo.s.c.g.r.RouteDefinitionRouteLocator&amp#27;[0;39m - RouteDefinition policy-service applying {_genkey_0=/api/policies/**} to Path
12:16:29.727 &amp#27;[39mDEBUG&amp#27;[0;39m [&amp#27;[36mGATEWAY&amp#27;[0;39m] [main] &amp#27;[33mo.s.c.g.r.RouteDefinitionRouteLocator&amp#27;[0;39m - RouteDefinition policy-service applying filter {_genkey_0=X-Response-Time, _genkey_1=api-gateway} to AddResponseHeader
12:16:29.730 &amp#27;[39mDEBUG&amp#27;[0;39m [&amp#27;[36mGATEWAY&amp#27;[0;39m] [main] &amp#27;[33mo.s.c.g.r.RouteDefinitionRouteLocator&amp#27;[0;39m - RouteDefinition policy-service applying filter {retries=3, statuses=BAD_GATEWAY, SERVICE_UNAVAILABLE, GATEWAY_TIMEOUT, methods=GET} to Retry
12:16:29.735 &amp#27;[39mDEBUG&amp#27;[0;39m [&amp#27;[36mGATEWAY&amp#27;[0;39m] [main] &amp#27;[33mo.s.c.g.r.RouteDefinitionRouteLocator&amp#27;[0;39m - RouteDefinition policy-service applying filter {_genkey_0=1} to StripPrefix
12:16:29.738 &amp#27;[39mDEBUG&amp#27;[0;39m [&amp#27;[36mGATEWAY&amp#27;[0;39m] [main] &amp#27;[33mo.s.c.g.r.RouteDefinitionRouteLocator&amp#27;[0;39m - RouteDefinition policy-service applying filter {name=policy-service-cb, fallbackUri=forward:/fallback/policy-service} to CircuitBreaker
12:16:29.757 &amp#27;[39mDEBUG&amp#27;[0;39m [&amp#27;[36mGATEWAY&amp#27;[0;39m] [main] &amp#27;[33mo.s.c.g.r.RouteDefinitionRouteLocator&amp#27;[0;39m - RouteDefinition matched: policy-service
12:16:29.758 &amp#27;[39mDEBUG&amp#27;[0;39m [&amp#27;[36mGATEWAY&amp#27;[0;39m] [main] &amp#27;[33mo.s.c.g.r.RouteDefinitionRouteLocator&amp#27;[0;39m - RouteDefinition notification-service applying {_genkey_0=/api/notifications/**} to Path
12:16:29.764 &amp#27;[39mDEBUG&amp#27;[0;39m [&amp#27;[36mGATEWAY&amp#27;[0;39m] [main] &amp#27;[33mo.s.c.g.r.RouteDefinitionRouteLocator&amp#27;[0;39m - RouteDefinition notification-service applying filter {_genkey_0=X-Response-Time, _genkey_1=api-gateway} to AddResponseHeader
12:16:29.769 &amp#27;[39mDEBUG&amp#27;[0;39m [&amp#27;[36mGATEWAY&amp#27;[0;39m] [main] &amp#27;[33mo.s.c.g.r.RouteDefinitionRouteLocator&amp#27;[0;39m - RouteDefinition notification-service applying filter {retries=3, statuses=BAD_GATEWAY, SERVICE_UNAVAILABLE, GATEWAY_TIMEOUT, methods=GET} to Retry
12:16:29.773 &amp#27;[39mDEBUG&amp#27;[0;39m [&amp#27;[36mGATEWAY&amp#27;[0;39m] [main] &amp#27;[33mo.s.c.g.r.RouteDefinitionRouteLocator&amp#27;[0;39m - RouteDefinition notification-service applying filter {_genkey_0=1} to StripPrefix
12:16:29.778 &amp#27;[39mDEBUG&amp#27;[0;39m [&amp#27;[36mGATEWAY&amp#27;[0;39m] [main] &amp#27;[33mo.s.c.g.r.RouteDefinitionRouteLocator&amp#27;[0;39m - RouteDefinition matched: notification-service
12:16:29.814 &amp#27;[39mDEBUG&amp#27;[0;39m [&amp#27;[36mGATEWAY&amp#27;[0;39m] [main] &amp#27;[33mo.s.c.g.f.GatewayMetricsFilter&amp#27;[0;39m - New routes count: 5
12:16:29.927 &amp#27;[39mDEBUG&amp#27;[0;39m [&amp#27;[36mGATEWAY&amp#27;[0;39m] [main] &amp#27;[33mo.s.c.g.r.RouteDefinitionRouteLocator&amp#27;[0;39m - RouteDefinition auth-service applying {_genkey_0=/api/auth/**} to Path
12:16:29.931 &amp#27;[39mDEBUG&amp#27;[0;39m [&amp#27;[36mGATEWAY&amp#27;[0;39m] [main] &amp#27;[33mo.s.c.g.r.RouteDefinitionRouteLocator&amp#27;[0;39m - RouteDefinition auth-service applying filter {_genkey_0=X-Response-Time, _genkey_1=api-gateway} to AddResponseHeader
12:16:29.933 &amp#27;[39mDEBUG&amp#27;[0;39m [&amp#27;[36mGATEWAY&amp#27;[0;39m] [main] &amp#27;[33mo.s.c.g.r.RouteDefinitionRouteLocator&amp#27;[0;39m - RouteDefinition auth-service applying filter {retries=3, statuses=BAD_GATEWAY, SERVICE_UNAVAILABLE, GATEWAY_TIMEOUT, methods=GET} to Retry
12:16:29.938 &amp#27;[39mDEBUG&amp#27;[0;39m [&amp#27;[36mGATEWAY&amp#27;[0;39m] [main] &amp#27;[33mo.s.c.g.r.RouteDefinitionRouteLocator&amp#27;[0;39m - RouteDefinition auth-service applying filter {_genkey_0=1} to StripPrefix
12:16:29.940 &amp#27;[39mDEBUG&amp#27;[0;39m [&amp#27;[36mGATEWAY&amp#27;[0;39m] [main] &amp#27;[33mo.s.c.g.r.RouteDefinitionRouteLocator&amp#27;[0;39m - RouteDefinition matched: auth-service
12:16:29.941 &amp#27;[39mDEBUG&amp#27;[0;39m [&amp#27;[36mGATEWAY&amp#27;[0;39m] [main] &amp#27;[33mo.s.c.g.r.RouteDefinitionRouteLocator&amp#27;[0;39m - RouteDefinition user-service applying {_genkey_0=/api/users/**} to Path
12:16:29.944 &amp#27;[39mDEBUG&amp#27;[0;39m [&amp#27;[36mGATEWAY&amp#27;[0;39m] [main] &amp#27;[33mo.s.c.g.r.RouteDefinitionRouteLocator&amp#27;[0;39m - RouteDefinition user-service applying filter {_genkey_0=X-Response-Time, _genkey_1=api-gateway} to AddResponseHeader
12:16:29.948 &amp#27;[39mDEBUG&amp#27;[0;39m [&amp#27;[36mGATEWAY&amp#27;[0;39m] [main] &amp#27;[33mo.s.c.g.r.RouteDefinitionRouteLocator&amp#27;[0;39m - RouteDefinition user-service applying filter {retries=3, statuses=BAD_GATEWAY, SERVICE_UNAVAILABLE, GATEWAY_TIMEOUT, methods=GET} to Retry
12:16:29.951 &amp#27;[39mDEBUG&amp#27;[0;39m [&amp#27;[36mGATEWAY&amp#27;[0;39m] [main] &amp#27;[33mo.s.c.g.r.RouteDefinitionRouteLocator&amp#27;[0;39m - RouteDefinition user-service applying filter {_genkey_0=1} to StripPrefix
12:16:29.953 &amp#27;[39mDEBUG&amp#27;[0;39m [&amp#27;[36mGATEWAY&amp#27;[0;39m] [main] &amp#27;[33mo.s.c.g.r.RouteDefinitionRouteLocator&amp#27;[0;39m - RouteDefinition user-service applying filter {name=user-service-cb, fallbackUri=forward:/fallback/user-service} to CircuitBreaker
12:16:29.958 &amp#27;[39mDEBUG&amp#27;[0;39m [&amp#27;[36mGATEWAY&amp#27;[0;39m] [main] &amp#27;[33mo.s.c.g.r.RouteDefinitionRouteLocator&amp#27;[0;39m - RouteDefinition matched: user-service
12:16:29.958 &amp#27;[39mDEBUG&amp#27;[0;39m [&amp#27;[36mGATEWAY&amp#27;[0;39m] [main] &amp#27;[33mo.s.c.g.r.RouteDefinitionRouteLocator&amp#27;[0;39m - RouteDefinition claim-service applying {_genkey_0=/api/claims/**} to Path
12:16:29.961 &amp#27;[39mDEBUG&amp#27;[0;39m [&amp#27;[36mGATEWAY&amp#27;[0;39m] [main] &amp#27;[33mo.s.c.g.r.RouteDefinitionRouteLocator&amp#27;[0;39m - RouteDefinition claim-service applying filter {_genkey_0=X-Response-Time, _genkey_1=api-gateway} to AddResponseHeader
12:16:29.964 &amp#27;[39mDEBUG&amp#27;[0;39m [&amp#27;[36mGATEWAY&amp#27;[0;39m] [main] &amp#27;[33mo.s.c.g.r.RouteDefinitionRouteLocator&amp#27;[0;39m - RouteDefinition claim-service applying filter {retries=3, statuses=BAD_GATEWAY, SERVICE_UNAVAILABLE, GATEWAY_TIMEOUT, methods=GET} to Retry
12:16:29.970 &amp#27;[39mDEBUG&amp#27;[0;39m [&amp#27;[36mGATEWAY&amp#27;[0;39m] [main] &amp#27;[33mo.s.c.g.r.RouteDefinitionRouteLocator&amp#27;[0;39m - RouteDefinition claim-service applying filter {_genkey_0=1} to StripPrefix
12:16:29.973 &amp#27;[39mDEBUG&amp#27;[0;39m [&amp#27;[36mGATEWAY&amp#27;[0;39m] [main] &amp#27;[33mo.s.c.g.r.RouteDefinitionRouteLocator&amp#27;[0;39m - RouteDefinition claim-service applying filter {name=claim-service-cb, fallbackUri=forward:/fallback/claim-service} to CircuitBreaker
12:16:29.977 &amp#27;[39mDEBUG&amp#27;[0;39m [&amp#27;[36mGATEWAY&amp#27;[0;39m] [main] &amp#27;[33mo.s.c.g.r.RouteDefinitionRouteLocator&amp#27;[0;39m - RouteDefinition matched: claim-service
12:16:29.978 &amp#27;[39mDEBUG&amp#27;[0;39m [&amp#27;[36mGATEWAY&amp#27;[0;39m] [main] &amp#27;[33mo.s.c.g.r.RouteDefinitionRouteLocator&amp#27;[0;39m - RouteDefinition policy-service applying {_genkey_0=/api/policies/**} to Path
12:16:29.981 &amp#27;[39mDEBUG&amp#27;[0;39m [&amp#27;[36mGATEWAY&amp#27;[0;39m] [main] &amp#27;[33mo.s.c.g.r.RouteDefinitionRouteLocator&amp#27;[0;39m - RouteDefinition policy-service applying filter {_genkey_0=X-Response-Time, _genkey_1=api-gateway} to AddResponseHeader
12:16:29.984 &amp#27;[39mDEBUG&amp#27;[0;39m [&amp#27;[36mGATEWAY&amp#27;[0;39m] [main] &amp#27;[33mo.s.c.g.r.RouteDefinitionRouteLocator&amp#27;[0;39m - RouteDefinition policy-service applying filter {retries=3, statuses=BAD_GATEWAY, SERVICE_UNAVAILABLE, GATEWAY_TIMEOUT, methods=GET} to Retry
12:16:29.988 &amp#27;[39mDEBUG&amp#27;[0;39m [&amp#27;[36mGATEWAY&amp#27;[0;39m] [main] &amp#27;[33mo.s.c.g.r.RouteDefinitionRouteLocator&amp#27;[0;39m - RouteDefinition policy-service applying filter {_genkey_0=1} to StripPrefix
12:16:29.993 &amp#27;[39mDEBUG&amp#27;[0;39m [&amp#27;[36mGATEWAY&amp#27;[0;39m] [main] &amp#27;[33mo.s.c.g.r.RouteDefinitionRouteLocator&amp#27;[0;39m - RouteDefinition policy-service applying filter {name=policy-service-cb, fallbackUri=forward:/fallback/policy-service} to CircuitBreaker
12:16:30.002 &amp#27;[39mDEBUG&amp#27;[0;39m [&amp#27;[36mGATEWAY&amp#27;[0;39m] [main] &amp#27;[33mo.s.c.g.r.RouteDefinitionRouteLocator&amp#27;[0;39m - RouteDefinition matched: policy-service
12:16:30.003 &amp#27;[39mDEBUG&amp#27;[0;39m [&amp#27;[36mGATEWAY&amp#27;[0;39m] [main] &amp#27;[33mo.s.c.g.r.RouteDefinitionRouteLocator&amp#27;[0;39m - RouteDefinition notification-service applying {_genkey_0=/api/notifications/**} to Path
12:16:30.024 &amp#27;[39mDEBUG&amp#27;[0;39m [&amp#27;[36mGATEWAY&amp#27;[0;39m] [main] &amp#27;[33mo.s.c.g.r.RouteDefinitionRouteLocator&amp#27;[0;39m - RouteDefinition notification-service applying filter {_genkey_0=X-Response-Time, _genkey_1=api-gateway} to AddResponseHeader
12:16:30.034 &amp#27;[39mDEBUG&amp#27;[0;39m [&amp#27;[36mGATEWAY&amp#27;[0;39m] [main] &amp#27;[33mo.s.c.g.r.RouteDefinitionRouteLocator&amp#27;[0;39m - RouteDefinition notification-service applying filter {retries=3, statuses=BAD_GATEWAY, SERVICE_UNAVAILABLE, GATEWAY_TIMEOUT, methods=GET} to Retry
12:16:30.057 &amp#27;[39mDEBUG&amp#27;[0;39m [&amp#27;[36mGATEWAY&amp#27;[0;39m] [main] &amp#27;[33mo.s.c.g.r.RouteDefinitionRouteLocator&amp#27;[0;39m - RouteDefinition notification-service applying filter {_genkey_0=1} to StripPrefix
12:16:30.059 &amp#27;[39mDEBUG&amp#27;[0;39m [&amp#27;[36mGATEWAY&amp#27;[0;39m] [main] &amp#27;[33mo.s.c.g.r.RouteDefinitionRouteLocator&amp#27;[0;39m - RouteDefinition matched: notification-service
12:16:30.062 &amp#27;[39mDEBUG&amp#27;[0;39m [&amp#27;[36mGATEWAY&amp#27;[0;39m] [main] &amp#27;[33mo.s.c.g.f.GatewayMetricsFilter&amp#27;[0;39m - New routes count: 5
12:16:30.065 &amp#27;[34mINFO &amp#27;[0;39m [&amp#27;[36mGATEWAY&amp#27;[0;39m] [main] &amp#27;[33mc.i.g.ApiGatewayApplicationTests&amp#27;[0;39m - Started ApiGatewayApplicationTests in 17.987 seconds (process running for 21.652)
]]></system-out>
  </testcase>
</testsuite>